{"timestamp":"2025-10-02T08:02:02.409791Z","level":"info","event":"Filling up the DagBag from /opt/airflow/dags/xcom.py","logger":"airflow.models.dagbag.DagBag","filename":"dagbag.py","lineno":593}
{"timestamp":"2025-10-02T08:02:13.614516Z","level":"info","event":"Filling up the DagBag from /opt/airflow/dags/xcom.py","logger":"airflow.models.dagbag.DagBag","filename":"dagbag.py","lineno":593}
{"timestamp":"2025-10-02T08:02:19.725455Z","level":"info","event":"Filling up the DagBag from /opt/airflow/dags/xcom.py","logger":"airflow.models.dagbag.DagBag","filename":"dagbag.py","lineno":593}
{"timestamp":"2025-10-02T08:02:22.782048Z","level":"info","event":"Filling up the DagBag from /opt/airflow/dags/xcom.py","logger":"airflow.models.dagbag.DagBag","filename":"dagbag.py","lineno":593}
{"timestamp":"2025-10-02T08:02:25.881708Z","level":"info","event":"Filling up the DagBag from /opt/airflow/dags/xcom.py","logger":"airflow.models.dagbag.DagBag","filename":"dagbag.py","lineno":593}
{"timestamp":"2025-10-02T08:02:44.181110Z","level":"info","event":"Filling up the DagBag from /opt/airflow/dags/xcom.py","logger":"airflow.models.dagbag.DagBag","filename":"dagbag.py","lineno":593}
{"timestamp":"2025-10-02T08:02:46.236674Z","level":"info","event":"Filling up the DagBag from /opt/airflow/dags/xcom.py","logger":"airflow.models.dagbag.DagBag","filename":"dagbag.py","lineno":593}
{"timestamp":"2025-10-02T08:02:49.346045Z","level":"info","event":"Filling up the DagBag from /opt/airflow/dags/xcom.py","logger":"airflow.models.dagbag.DagBag","filename":"dagbag.py","lineno":593}
{"timestamp":"2025-10-02T08:02:55.463733Z","level":"info","event":"Filling up the DagBag from /opt/airflow/dags/xcom.py","logger":"airflow.models.dagbag.DagBag","filename":"dagbag.py","lineno":593}
{"timestamp":"2025-10-02T08:02:56.510206Z","level":"info","event":"Filling up the DagBag from /opt/airflow/dags/xcom.py","logger":"airflow.models.dagbag.DagBag","filename":"dagbag.py","lineno":593}
{"timestamp":"2025-10-02T08:03:26.926490Z","level":"info","event":"Filling up the DagBag from /opt/airflow/dags/xcom.py","logger":"airflow.models.dagbag.DagBag","filename":"dagbag.py","lineno":593}
{"timestamp":"2025-10-02T08:03:57.341669Z","level":"info","event":"Filling up the DagBag from /opt/airflow/dags/xcom.py","logger":"airflow.models.dagbag.DagBag","filename":"dagbag.py","lineno":593}
{"timestamp":"2025-10-02T08:04:27.751978Z","level":"info","event":"Filling up the DagBag from /opt/airflow/dags/xcom.py","logger":"airflow.models.dagbag.DagBag","filename":"dagbag.py","lineno":593}
{"timestamp":"2025-10-02T08:04:58.171685Z","level":"info","event":"Filling up the DagBag from /opt/airflow/dags/xcom.py","logger":"airflow.models.dagbag.DagBag","filename":"dagbag.py","lineno":593}
{"timestamp":"2025-10-02T08:05:28.584138Z","level":"info","event":"Filling up the DagBag from /opt/airflow/dags/xcom.py","logger":"airflow.models.dagbag.DagBag","filename":"dagbag.py","lineno":593}
{"timestamp":"2025-10-02T08:05:58.988201Z","level":"info","event":"Filling up the DagBag from /opt/airflow/dags/xcom.py","logger":"airflow.models.dagbag.DagBag","filename":"dagbag.py","lineno":593}
{"timestamp":"2025-10-02T08:06:29.417612Z","level":"info","event":"Filling up the DagBag from /opt/airflow/dags/xcom.py","logger":"airflow.models.dagbag.DagBag","filename":"dagbag.py","lineno":593}
{"timestamp":"2025-10-02T08:06:59.825087Z","level":"info","event":"Filling up the DagBag from /opt/airflow/dags/xcom.py","logger":"airflow.models.dagbag.DagBag","filename":"dagbag.py","lineno":593}
{"timestamp":"2025-10-02T08:07:30.245850Z","level":"info","event":"Filling up the DagBag from /opt/airflow/dags/xcom.py","logger":"airflow.models.dagbag.DagBag","filename":"dagbag.py","lineno":593}
{"timestamp":"2025-10-02T08:08:00.670364Z","level":"info","event":"Filling up the DagBag from /opt/airflow/dags/xcom.py","logger":"airflow.models.dagbag.DagBag","filename":"dagbag.py","lineno":593}
{"timestamp":"2025-10-02T08:08:31.109717Z","level":"info","event":"Filling up the DagBag from /opt/airflow/dags/xcom.py","logger":"airflow.models.dagbag.DagBag","filename":"dagbag.py","lineno":593}
{"timestamp":"2025-10-02T08:09:01.518874Z","level":"info","event":"Filling up the DagBag from /opt/airflow/dags/xcom.py","logger":"airflow.models.dagbag.DagBag","filename":"dagbag.py","lineno":593}
{"timestamp":"2025-10-02T08:09:31.923150Z","level":"info","event":"Filling up the DagBag from /opt/airflow/dags/xcom.py","logger":"airflow.models.dagbag.DagBag","filename":"dagbag.py","lineno":593}
{"timestamp":"2025-10-02T08:10:02.332419Z","level":"info","event":"Filling up the DagBag from /opt/airflow/dags/xcom.py","logger":"airflow.models.dagbag.DagBag","filename":"dagbag.py","lineno":593}
{"timestamp":"2025-10-02T08:10:32.768175Z","level":"info","event":"Filling up the DagBag from /opt/airflow/dags/xcom.py","logger":"airflow.models.dagbag.DagBag","filename":"dagbag.py","lineno":593}
{"timestamp":"2025-10-02T08:11:03.183895Z","level":"info","event":"Filling up the DagBag from /opt/airflow/dags/xcom.py","logger":"airflow.models.dagbag.DagBag","filename":"dagbag.py","lineno":593}
{"timestamp":"2025-10-02T08:11:33.586151Z","level":"info","event":"Filling up the DagBag from /opt/airflow/dags/xcom.py","logger":"airflow.models.dagbag.DagBag","filename":"dagbag.py","lineno":593}
{"timestamp":"2025-10-02T08:12:04.011330Z","level":"info","event":"Filling up the DagBag from /opt/airflow/dags/xcom.py","logger":"airflow.models.dagbag.DagBag","filename":"dagbag.py","lineno":593}
{"timestamp":"2025-10-02T08:12:34.429583Z","level":"info","event":"Filling up the DagBag from /opt/airflow/dags/xcom.py","logger":"airflow.models.dagbag.DagBag","filename":"dagbag.py","lineno":593}
{"timestamp":"2025-10-02T08:13:04.843792Z","level":"info","event":"Filling up the DagBag from /opt/airflow/dags/xcom.py","logger":"airflow.models.dagbag.DagBag","filename":"dagbag.py","lineno":593}
{"timestamp":"2025-10-02T08:13:35.260637Z","level":"info","event":"Filling up the DagBag from /opt/airflow/dags/xcom.py","logger":"airflow.models.dagbag.DagBag","filename":"dagbag.py","lineno":593}
{"timestamp":"2025-10-02T08:14:05.677818Z","level":"info","event":"Filling up the DagBag from /opt/airflow/dags/xcom.py","logger":"airflow.models.dagbag.DagBag","filename":"dagbag.py","lineno":593}
{"timestamp":"2025-10-02T08:14:36.096712Z","level":"info","event":"Filling up the DagBag from /opt/airflow/dags/xcom.py","logger":"airflow.models.dagbag.DagBag","filename":"dagbag.py","lineno":593}
{"timestamp":"2025-10-02T08:15:06.532344Z","level":"info","event":"Filling up the DagBag from /opt/airflow/dags/xcom.py","logger":"airflow.models.dagbag.DagBag","filename":"dagbag.py","lineno":593}
{"timestamp":"2025-10-02T08:15:36.962841Z","level":"info","event":"Filling up the DagBag from /opt/airflow/dags/xcom.py","logger":"airflow.models.dagbag.DagBag","filename":"dagbag.py","lineno":593}
{"timestamp":"2025-10-02T08:16:07.380515Z","level":"info","event":"Filling up the DagBag from /opt/airflow/dags/xcom.py","logger":"airflow.models.dagbag.DagBag","filename":"dagbag.py","lineno":593}
{"timestamp":"2025-10-02T08:16:37.792896Z","level":"info","event":"Filling up the DagBag from /opt/airflow/dags/xcom.py","logger":"airflow.models.dagbag.DagBag","filename":"dagbag.py","lineno":593}
{"timestamp":"2025-10-02T08:17:08.215085Z","level":"info","event":"Filling up the DagBag from /opt/airflow/dags/xcom.py","logger":"airflow.models.dagbag.DagBag","filename":"dagbag.py","lineno":593}
{"timestamp":"2025-10-02T08:17:38.627576Z","level":"info","event":"Filling up the DagBag from /opt/airflow/dags/xcom.py","logger":"airflow.models.dagbag.DagBag","filename":"dagbag.py","lineno":593}
{"timestamp":"2025-10-02T08:18:09.037518Z","level":"info","event":"Filling up the DagBag from /opt/airflow/dags/xcom.py","logger":"airflow.models.dagbag.DagBag","filename":"dagbag.py","lineno":593}
{"timestamp":"2025-10-02T08:18:39.450545Z","level":"info","event":"Filling up the DagBag from /opt/airflow/dags/xcom.py","logger":"airflow.models.dagbag.DagBag","filename":"dagbag.py","lineno":593}
{"timestamp":"2025-10-02T08:19:09.865933Z","level":"info","event":"Filling up the DagBag from /opt/airflow/dags/xcom.py","logger":"airflow.models.dagbag.DagBag","filename":"dagbag.py","lineno":593}
{"timestamp":"2025-10-02T08:19:40.275534Z","level":"info","event":"Filling up the DagBag from /opt/airflow/dags/xcom.py","logger":"airflow.models.dagbag.DagBag","filename":"dagbag.py","lineno":593}
{"timestamp":"2025-10-02T08:20:10.680438Z","level":"info","event":"Filling up the DagBag from /opt/airflow/dags/xcom.py","logger":"airflow.models.dagbag.DagBag","filename":"dagbag.py","lineno":593}
{"timestamp":"2025-10-02T08:20:41.096462Z","level":"info","event":"Filling up the DagBag from /opt/airflow/dags/xcom.py","logger":"airflow.models.dagbag.DagBag","filename":"dagbag.py","lineno":593}
{"timestamp":"2025-10-02T08:21:11.496653Z","level":"info","event":"Filling up the DagBag from /opt/airflow/dags/xcom.py","logger":"airflow.models.dagbag.DagBag","filename":"dagbag.py","lineno":593}
{"timestamp":"2025-10-02T08:21:41.907577Z","level":"info","event":"Filling up the DagBag from /opt/airflow/dags/xcom.py","logger":"airflow.models.dagbag.DagBag","filename":"dagbag.py","lineno":593}
{"timestamp":"2025-10-02T08:22:12.314373Z","level":"info","event":"Filling up the DagBag from /opt/airflow/dags/xcom.py","logger":"airflow.models.dagbag.DagBag","filename":"dagbag.py","lineno":593}
{"timestamp":"2025-10-02T08:22:42.741665Z","level":"info","event":"Filling up the DagBag from /opt/airflow/dags/xcom.py","logger":"airflow.models.dagbag.DagBag","filename":"dagbag.py","lineno":593}
{"timestamp":"2025-10-02T08:23:13.146618Z","level":"info","event":"Filling up the DagBag from /opt/airflow/dags/xcom.py","logger":"airflow.models.dagbag.DagBag","filename":"dagbag.py","lineno":593}
{"timestamp":"2025-10-02T08:23:43.548167Z","level":"info","event":"Filling up the DagBag from /opt/airflow/dags/xcom.py","logger":"airflow.models.dagbag.DagBag","filename":"dagbag.py","lineno":593}
{"timestamp":"2025-10-02T08:24:13.972815Z","level":"info","event":"Filling up the DagBag from /opt/airflow/dags/xcom.py","logger":"airflow.models.dagbag.DagBag","filename":"dagbag.py","lineno":593}
{"timestamp":"2025-10-02T08:24:44.390920Z","level":"info","event":"Filling up the DagBag from /opt/airflow/dags/xcom.py","logger":"airflow.models.dagbag.DagBag","filename":"dagbag.py","lineno":593}
{"timestamp":"2025-10-02T08:25:14.790429Z","level":"info","event":"Filling up the DagBag from /opt/airflow/dags/xcom.py","logger":"airflow.models.dagbag.DagBag","filename":"dagbag.py","lineno":593}
{"timestamp":"2025-10-02T08:25:45.213623Z","level":"info","event":"Filling up the DagBag from /opt/airflow/dags/xcom.py","logger":"airflow.models.dagbag.DagBag","filename":"dagbag.py","lineno":593}
{"timestamp":"2025-10-02T08:26:15.638649Z","level":"info","event":"Filling up the DagBag from /opt/airflow/dags/xcom.py","logger":"airflow.models.dagbag.DagBag","filename":"dagbag.py","lineno":593}
{"timestamp":"2025-10-02T08:26:46.054154Z","level":"info","event":"Filling up the DagBag from /opt/airflow/dags/xcom.py","logger":"airflow.models.dagbag.DagBag","filename":"dagbag.py","lineno":593}
{"timestamp":"2025-10-02T08:27:16.454850Z","level":"info","event":"Filling up the DagBag from /opt/airflow/dags/xcom.py","logger":"airflow.models.dagbag.DagBag","filename":"dagbag.py","lineno":593}
{"timestamp":"2025-10-02T08:27:46.890522Z","level":"info","event":"Filling up the DagBag from /opt/airflow/dags/xcom.py","logger":"airflow.models.dagbag.DagBag","filename":"dagbag.py","lineno":593}
{"timestamp":"2025-10-02T08:28:17.307740Z","level":"info","event":"Filling up the DagBag from /opt/airflow/dags/xcom.py","logger":"airflow.models.dagbag.DagBag","filename":"dagbag.py","lineno":593}
{"timestamp":"2025-10-02T08:28:47.713415Z","level":"info","event":"Filling up the DagBag from /opt/airflow/dags/xcom.py","logger":"airflow.models.dagbag.DagBag","filename":"dagbag.py","lineno":593}
{"timestamp":"2025-10-02T08:29:18.134648Z","level":"info","event":"Filling up the DagBag from /opt/airflow/dags/xcom.py","logger":"airflow.models.dagbag.DagBag","filename":"dagbag.py","lineno":593}
{"timestamp":"2025-10-02T08:29:48.572213Z","level":"info","event":"Filling up the DagBag from /opt/airflow/dags/xcom.py","logger":"airflow.models.dagbag.DagBag","filename":"dagbag.py","lineno":593}
{"timestamp":"2025-10-02T08:30:18.968236Z","level":"info","event":"Filling up the DagBag from /opt/airflow/dags/xcom.py","logger":"airflow.models.dagbag.DagBag","filename":"dagbag.py","lineno":593}
{"timestamp":"2025-10-02T08:30:49.365643Z","level":"info","event":"Filling up the DagBag from /opt/airflow/dags/xcom.py","logger":"airflow.models.dagbag.DagBag","filename":"dagbag.py","lineno":593}
{"timestamp":"2025-10-02T08:31:19.785447Z","level":"info","event":"Filling up the DagBag from /opt/airflow/dags/xcom.py","logger":"airflow.models.dagbag.DagBag","filename":"dagbag.py","lineno":593}
{"timestamp":"2025-10-02T08:31:50.194757Z","level":"info","event":"Filling up the DagBag from /opt/airflow/dags/xcom.py","logger":"airflow.models.dagbag.DagBag","filename":"dagbag.py","lineno":593}
{"timestamp":"2025-10-02T08:32:20.610494Z","level":"info","event":"Filling up the DagBag from /opt/airflow/dags/xcom.py","logger":"airflow.models.dagbag.DagBag","filename":"dagbag.py","lineno":593}
{"timestamp":"2025-10-02T08:32:51.036566Z","level":"info","event":"Filling up the DagBag from /opt/airflow/dags/xcom.py","logger":"airflow.models.dagbag.DagBag","filename":"dagbag.py","lineno":593}
{"timestamp":"2025-10-02T08:33:21.444328Z","level":"info","event":"Filling up the DagBag from /opt/airflow/dags/xcom.py","logger":"airflow.models.dagbag.DagBag","filename":"dagbag.py","lineno":593}
{"timestamp":"2025-10-02T08:33:51.862728Z","level":"info","event":"Filling up the DagBag from /opt/airflow/dags/xcom.py","logger":"airflow.models.dagbag.DagBag","filename":"dagbag.py","lineno":593}
{"timestamp":"2025-10-02T08:34:22.275424Z","level":"info","event":"Filling up the DagBag from /opt/airflow/dags/xcom.py","logger":"airflow.models.dagbag.DagBag","filename":"dagbag.py","lineno":593}
{"timestamp":"2025-10-02T08:34:52.691705Z","level":"info","event":"Filling up the DagBag from /opt/airflow/dags/xcom.py","logger":"airflow.models.dagbag.DagBag","filename":"dagbag.py","lineno":593}
{"timestamp":"2025-10-02T08:35:23.095558Z","level":"info","event":"Filling up the DagBag from /opt/airflow/dags/xcom.py","logger":"airflow.models.dagbag.DagBag","filename":"dagbag.py","lineno":593}
{"timestamp":"2025-10-02T08:35:53.529970Z","level":"info","event":"Filling up the DagBag from /opt/airflow/dags/xcom.py","logger":"airflow.models.dagbag.DagBag","filename":"dagbag.py","lineno":593}
{"timestamp":"2025-10-02T08:36:23.948474Z","level":"info","event":"Filling up the DagBag from /opt/airflow/dags/xcom.py","logger":"airflow.models.dagbag.DagBag","filename":"dagbag.py","lineno":593}
{"timestamp":"2025-10-02T08:36:54.355246Z","level":"info","event":"Filling up the DagBag from /opt/airflow/dags/xcom.py","logger":"airflow.models.dagbag.DagBag","filename":"dagbag.py","lineno":593}
{"timestamp":"2025-10-02T08:37:24.764626Z","level":"info","event":"Filling up the DagBag from /opt/airflow/dags/xcom.py","logger":"airflow.models.dagbag.DagBag","filename":"dagbag.py","lineno":593}
{"timestamp":"2025-10-02T08:37:55.199994Z","level":"info","event":"Filling up the DagBag from /opt/airflow/dags/xcom.py","logger":"airflow.models.dagbag.DagBag","filename":"dagbag.py","lineno":593}
{"timestamp":"2025-10-02T08:38:25.608114Z","level":"info","event":"Filling up the DagBag from /opt/airflow/dags/xcom.py","logger":"airflow.models.dagbag.DagBag","filename":"dagbag.py","lineno":593}
{"timestamp":"2025-10-02T08:38:56.046816Z","level":"info","event":"Filling up the DagBag from /opt/airflow/dags/xcom.py","logger":"airflow.models.dagbag.DagBag","filename":"dagbag.py","lineno":593}
{"timestamp":"2025-10-02T08:39:26.460344Z","level":"info","event":"Filling up the DagBag from /opt/airflow/dags/xcom.py","logger":"airflow.models.dagbag.DagBag","filename":"dagbag.py","lineno":593}
{"timestamp":"2025-10-02T08:39:56.885866Z","level":"info","event":"Filling up the DagBag from /opt/airflow/dags/xcom.py","logger":"airflow.models.dagbag.DagBag","filename":"dagbag.py","lineno":593}
{"timestamp":"2025-10-02T08:40:27.315457Z","level":"info","event":"Filling up the DagBag from /opt/airflow/dags/xcom.py","logger":"airflow.models.dagbag.DagBag","filename":"dagbag.py","lineno":593}
{"timestamp":"2025-10-02T08:40:57.720682Z","level":"info","event":"Filling up the DagBag from /opt/airflow/dags/xcom.py","logger":"airflow.models.dagbag.DagBag","filename":"dagbag.py","lineno":593}
{"timestamp":"2025-10-02T08:41:28.125310Z","level":"info","event":"Filling up the DagBag from /opt/airflow/dags/xcom.py","logger":"airflow.models.dagbag.DagBag","filename":"dagbag.py","lineno":593}
{"timestamp":"2025-10-02T08:41:58.558047Z","level":"info","event":"Filling up the DagBag from /opt/airflow/dags/xcom.py","logger":"airflow.models.dagbag.DagBag","filename":"dagbag.py","lineno":593}
{"timestamp":"2025-10-02T08:42:28.982562Z","level":"info","event":"Filling up the DagBag from /opt/airflow/dags/xcom.py","logger":"airflow.models.dagbag.DagBag","filename":"dagbag.py","lineno":593}
{"timestamp":"2025-10-02T08:42:59.540086Z","level":"info","event":"Filling up the DagBag from /opt/airflow/dags/xcom.py","logger":"airflow.models.dagbag.DagBag","filename":"dagbag.py","lineno":593}
{"timestamp":"2025-10-02T08:43:29.997390Z","level":"info","event":"Filling up the DagBag from /opt/airflow/dags/xcom.py","logger":"airflow.models.dagbag.DagBag","filename":"dagbag.py","lineno":593}
{"timestamp":"2025-10-02T08:44:00.444821Z","level":"info","event":"Filling up the DagBag from /opt/airflow/dags/xcom.py","logger":"airflow.models.dagbag.DagBag","filename":"dagbag.py","lineno":593}
{"timestamp":"2025-10-02T08:44:30.882695Z","level":"info","event":"Filling up the DagBag from /opt/airflow/dags/xcom.py","logger":"airflow.models.dagbag.DagBag","filename":"dagbag.py","lineno":593}
{"timestamp":"2025-10-02T08:45:01.331171Z","level":"info","event":"Filling up the DagBag from /opt/airflow/dags/xcom.py","logger":"airflow.models.dagbag.DagBag","filename":"dagbag.py","lineno":593}
{"timestamp":"2025-10-02T08:45:31.775884Z","level":"info","event":"Filling up the DagBag from /opt/airflow/dags/xcom.py","logger":"airflow.models.dagbag.DagBag","filename":"dagbag.py","lineno":593}
{"timestamp":"2025-10-02T08:46:02.280343Z","level":"info","event":"Filling up the DagBag from /opt/airflow/dags/xcom.py","logger":"airflow.models.dagbag.DagBag","filename":"dagbag.py","lineno":593}
{"timestamp":"2025-10-02T08:46:32.729185Z","level":"info","event":"Filling up the DagBag from /opt/airflow/dags/xcom.py","logger":"airflow.models.dagbag.DagBag","filename":"dagbag.py","lineno":593}
{"timestamp":"2025-10-02T08:47:03.168329Z","level":"info","event":"Filling up the DagBag from /opt/airflow/dags/xcom.py","logger":"airflow.models.dagbag.DagBag","filename":"dagbag.py","lineno":593}
{"timestamp":"2025-10-02T08:47:33.619877Z","level":"info","event":"Filling up the DagBag from /opt/airflow/dags/xcom.py","logger":"airflow.models.dagbag.DagBag","filename":"dagbag.py","lineno":593}
{"timestamp":"2025-10-02T08:48:04.095053Z","level":"info","event":"Filling up the DagBag from /opt/airflow/dags/xcom.py","logger":"airflow.models.dagbag.DagBag","filename":"dagbag.py","lineno":593}
{"timestamp":"2025-10-02T08:48:34.559075Z","level":"info","event":"Filling up the DagBag from /opt/airflow/dags/xcom.py","logger":"airflow.models.dagbag.DagBag","filename":"dagbag.py","lineno":593}
{"timestamp":"2025-10-02T08:49:05.000995Z","level":"info","event":"Filling up the DagBag from /opt/airflow/dags/xcom.py","logger":"airflow.models.dagbag.DagBag","filename":"dagbag.py","lineno":593}
{"timestamp":"2025-10-02T08:49:35.447909Z","level":"info","event":"Filling up the DagBag from /opt/airflow/dags/xcom.py","logger":"airflow.models.dagbag.DagBag","filename":"dagbag.py","lineno":593}
{"timestamp":"2025-10-02T08:50:05.898538Z","level":"info","event":"Filling up the DagBag from /opt/airflow/dags/xcom.py","logger":"airflow.models.dagbag.DagBag","filename":"dagbag.py","lineno":593}
{"timestamp":"2025-10-02T08:50:36.336893Z","level":"info","event":"Filling up the DagBag from /opt/airflow/dags/xcom.py","logger":"airflow.models.dagbag.DagBag","filename":"dagbag.py","lineno":593}
{"timestamp":"2025-10-02T08:51:06.997387Z","level":"info","event":"Filling up the DagBag from /opt/airflow/dags/xcom.py","logger":"airflow.models.dagbag.DagBag","filename":"dagbag.py","lineno":593}
{"timestamp":"2025-10-02T08:51:37.654963Z","level":"info","event":"Filling up the DagBag from /opt/airflow/dags/xcom.py","logger":"airflow.models.dagbag.DagBag","filename":"dagbag.py","lineno":593}
{"timestamp":"2025-10-02T08:52:08.102893Z","level":"info","event":"Filling up the DagBag from /opt/airflow/dags/xcom.py","logger":"airflow.models.dagbag.DagBag","filename":"dagbag.py","lineno":593}
{"timestamp":"2025-10-02T08:52:38.560741Z","level":"info","event":"Filling up the DagBag from /opt/airflow/dags/xcom.py","logger":"airflow.models.dagbag.DagBag","filename":"dagbag.py","lineno":593}
{"timestamp":"2025-10-02T08:53:09.031879Z","level":"info","event":"Filling up the DagBag from /opt/airflow/dags/xcom.py","logger":"airflow.models.dagbag.DagBag","filename":"dagbag.py","lineno":593}
{"timestamp":"2025-10-02T08:53:39.499877Z","level":"info","event":"Filling up the DagBag from /opt/airflow/dags/xcom.py","logger":"airflow.models.dagbag.DagBag","filename":"dagbag.py","lineno":593}
{"timestamp":"2025-10-02T08:54:10.002487Z","level":"info","event":"Filling up the DagBag from /opt/airflow/dags/xcom.py","logger":"airflow.models.dagbag.DagBag","filename":"dagbag.py","lineno":593}
{"timestamp":"2025-10-02T08:54:40.463006Z","level":"info","event":"Filling up the DagBag from /opt/airflow/dags/xcom.py","logger":"airflow.models.dagbag.DagBag","filename":"dagbag.py","lineno":593}
{"timestamp":"2025-10-02T08:55:10.928114Z","level":"info","event":"Filling up the DagBag from /opt/airflow/dags/xcom.py","logger":"airflow.models.dagbag.DagBag","filename":"dagbag.py","lineno":593}
{"timestamp":"2025-10-02T08:55:41.381458Z","level":"info","event":"Filling up the DagBag from /opt/airflow/dags/xcom.py","logger":"airflow.models.dagbag.DagBag","filename":"dagbag.py","lineno":593}
{"timestamp":"2025-10-02T08:56:11.835327Z","level":"info","event":"Filling up the DagBag from /opt/airflow/dags/xcom.py","logger":"airflow.models.dagbag.DagBag","filename":"dagbag.py","lineno":593}
{"timestamp":"2025-10-02T08:56:42.306247Z","level":"info","event":"Filling up the DagBag from /opt/airflow/dags/xcom.py","logger":"airflow.models.dagbag.DagBag","filename":"dagbag.py","lineno":593}
{"timestamp":"2025-10-02T08:57:12.741807Z","level":"info","event":"Filling up the DagBag from /opt/airflow/dags/xcom.py","logger":"airflow.models.dagbag.DagBag","filename":"dagbag.py","lineno":593}
{"timestamp":"2025-10-02T08:57:43.192509Z","level":"info","event":"Filling up the DagBag from /opt/airflow/dags/xcom.py","logger":"airflow.models.dagbag.DagBag","filename":"dagbag.py","lineno":593}
{"timestamp":"2025-10-02T08:58:13.680274Z","level":"info","event":"Filling up the DagBag from /opt/airflow/dags/xcom.py","logger":"airflow.models.dagbag.DagBag","filename":"dagbag.py","lineno":593}
{"timestamp":"2025-10-02T08:58:44.127316Z","level":"info","event":"Filling up the DagBag from /opt/airflow/dags/xcom.py","logger":"airflow.models.dagbag.DagBag","filename":"dagbag.py","lineno":593}
{"timestamp":"2025-10-02T08:59:14.583498Z","level":"info","event":"Filling up the DagBag from /opt/airflow/dags/xcom.py","logger":"airflow.models.dagbag.DagBag","filename":"dagbag.py","lineno":593}
{"timestamp":"2025-10-02T08:59:45.023540Z","level":"info","event":"Filling up the DagBag from /opt/airflow/dags/xcom.py","logger":"airflow.models.dagbag.DagBag","filename":"dagbag.py","lineno":593}
{"timestamp":"2025-10-02T09:00:15.488810Z","level":"info","event":"Filling up the DagBag from /opt/airflow/dags/xcom.py","logger":"airflow.models.dagbag.DagBag","filename":"dagbag.py","lineno":593}
{"timestamp":"2025-10-02T09:00:45.941027Z","level":"info","event":"Filling up the DagBag from /opt/airflow/dags/xcom.py","logger":"airflow.models.dagbag.DagBag","filename":"dagbag.py","lineno":593}
{"timestamp":"2025-10-02T09:00:55.152768Z","level":"info","event":"Filling up the DagBag from /opt/airflow/dags/xcom.py","logger":"airflow.models.dagbag.DagBag","filename":"dagbag.py","lineno":593}
{"timestamp":"2025-10-02T09:00:57.229975Z","level":"info","event":"Filling up the DagBag from /opt/airflow/dags/xcom.py","logger":"airflow.models.dagbag.DagBag","filename":"dagbag.py","lineno":593}
{"timestamp":"2025-10-02T09:00:57.231486Z","level":"error","event":"Failed to import: /opt/airflow/dags/xcom.py","logger":"airflow.models.dagbag.DagBag","filename":"dagbag.py","lineno":415,"error_detail":[{"exc_type":"SyntaxError","exc_value":"invalid syntax (xcom.py, line 8)","exc_notes":[],"syntax_error":{"offset":2,"filename":"/opt/airflow/dags/xcom.py","line":"@\n","lineno":8,"msg":"invalid syntax"},"is_cause":false,"frames":[{"filename":"/home/airflow/.local/lib/python3.12/site-packages/airflow/models/dagbag.py","lineno":405,"name":"parse"},{"filename":"<frozen importlib._bootstrap_external>","lineno":995,"name":"exec_module"},{"filename":"<frozen importlib._bootstrap_external>","lineno":1133,"name":"get_code"},{"filename":"<frozen importlib._bootstrap_external>","lineno":1063,"name":"source_to_code"},{"filename":"<frozen importlib._bootstrap>","lineno":488,"name":"_call_with_frames_removed"}],"is_group":false,"exceptions":[]}]}
{"timestamp":"2025-10-02T09:01:10.411669Z","level":"info","event":"Filling up the DagBag from /opt/airflow/dags/xcom.py","logger":"airflow.models.dagbag.DagBag","filename":"dagbag.py","lineno":593}
{"timestamp":"2025-10-02T09:01:13.477315Z","level":"info","event":"Filling up the DagBag from /opt/airflow/dags/xcom.py","logger":"airflow.models.dagbag.DagBag","filename":"dagbag.py","lineno":593}
{"timestamp":"2025-10-02T09:01:19.608670Z","level":"info","event":"Filling up the DagBag from /opt/airflow/dags/xcom.py","logger":"airflow.models.dagbag.DagBag","filename":"dagbag.py","lineno":593}
{"timestamp":"2025-10-02T09:01:19.622674Z","level":"error","event":"Failed to import: /opt/airflow/dags/xcom.py","logger":"airflow.models.dagbag.DagBag","filename":"dagbag.py","lineno":415,"error_detail":[{"exc_type":"NameError","exc_value":"name 'task_id' is not defined","exc_notes":[],"syntax_error":null,"is_cause":false,"frames":[{"filename":"/home/airflow/.local/lib/python3.12/site-packages/airflow/models/dagbag.py","lineno":405,"name":"parse"},{"filename":"<frozen importlib._bootstrap_external>","lineno":999,"name":"exec_module"},{"filename":"<frozen importlib._bootstrap>","lineno":488,"name":"_call_with_frames_removed"},{"filename":"/opt/airflow/dags/xcom.py","lineno":8,"name":"<module>"}],"is_group":false,"exceptions":[]}]}
{"timestamp":"2025-10-02T09:01:20.674991Z","level":"info","event":"Filling up the DagBag from /opt/airflow/dags/xcom.py","logger":"airflow.models.dagbag.DagBag","filename":"dagbag.py","lineno":593}
{"timestamp":"2025-10-02T09:01:20.676824Z","level":"error","event":"Failed to import: /opt/airflow/dags/xcom.py","logger":"airflow.models.dagbag.DagBag","filename":"dagbag.py","lineno":415,"error_detail":[{"exc_type":"SyntaxError","exc_value":"expected argument value expression (xcom.py, line 8)","exc_notes":[],"syntax_error":{"offset":7,"filename":"/opt/airflow/dags/xcom.py","line":"@task(task_id=)\n","lineno":8,"msg":"expected argument value expression"},"is_cause":false,"frames":[{"filename":"/home/airflow/.local/lib/python3.12/site-packages/airflow/models/dagbag.py","lineno":405,"name":"parse"},{"filename":"<frozen importlib._bootstrap_external>","lineno":995,"name":"exec_module"},{"filename":"<frozen importlib._bootstrap_external>","lineno":1133,"name":"get_code"},{"filename":"<frozen importlib._bootstrap_external>","lineno":1063,"name":"source_to_code"},{"filename":"<frozen importlib._bootstrap>","lineno":488,"name":"_call_with_frames_removed"}],"is_group":false,"exceptions":[]}]}
{"timestamp":"2025-10-02T09:01:21.721187Z","level":"info","event":"Filling up the DagBag from /opt/airflow/dags/xcom.py","logger":"airflow.models.dagbag.DagBag","filename":"dagbag.py","lineno":593}
{"timestamp":"2025-10-02T09:01:24.868602Z","level":"info","event":"Filling up the DagBag from /opt/airflow/dags/xcom.py","logger":"airflow.models.dagbag.DagBag","filename":"dagbag.py","lineno":593}
{"timestamp":"2025-10-02T09:01:26.926164Z","level":"info","event":"Filling up the DagBag from /opt/airflow/dags/xcom.py","logger":"airflow.models.dagbag.DagBag","filename":"dagbag.py","lineno":593}
{"timestamp":"2025-10-02T09:01:33.007334Z","level":"info","event":"Filling up the DagBag from /opt/airflow/dags/xcom.py","logger":"airflow.models.dagbag.DagBag","filename":"dagbag.py","lineno":593}
{"timestamp":"2025-10-02T09:01:44.185652Z","level":"info","event":"Filling up the DagBag from /opt/airflow/dags/xcom.py","logger":"airflow.models.dagbag.DagBag","filename":"dagbag.py","lineno":593}
{"timestamp":"2025-10-02T09:01:46.285011Z","level":"info","event":"Filling up the DagBag from /opt/airflow/dags/xcom.py","logger":"airflow.models.dagbag.DagBag","filename":"dagbag.py","lineno":593}
{"timestamp":"2025-10-02T09:02:11.689583Z","level":"info","event":"Filling up the DagBag from /opt/airflow/dags/xcom.py","logger":"airflow.models.dagbag.DagBag","filename":"dagbag.py","lineno":593}
{"timestamp":"2025-10-02T09:02:11.703448Z","level":"error","event":"Failed to import: /opt/airflow/dags/xcom.py","logger":"airflow.models.dagbag.DagBag","filename":"dagbag.py","lineno":415,"error_detail":[{"exc_type":"NameError","exc_value":"name 'push' is not defined","exc_notes":[],"syntax_error":null,"is_cause":false,"frames":[{"filename":"/home/airflow/.local/lib/python3.12/site-packages/airflow/models/dagbag.py","lineno":405,"name":"parse"},{"filename":"<frozen importlib._bootstrap_external>","lineno":999,"name":"exec_module"},{"filename":"<frozen importlib._bootstrap>","lineno":488,"name":"_call_with_frames_removed"},{"filename":"/opt/airflow/dags/xcom.py","lineno":32,"name":"<module>"}],"is_group":false,"exceptions":[]}]}
{"timestamp":"2025-10-02T09:02:17.807184Z","level":"info","event":"Filling up the DagBag from /opt/airflow/dags/xcom.py","logger":"airflow.models.dagbag.DagBag","filename":"dagbag.py","lineno":593}
{"timestamp":"2025-10-02T09:02:17.819042Z","level":"error","event":"Failed to import: /opt/airflow/dags/xcom.py","logger":"airflow.models.dagbag.DagBag","filename":"dagbag.py","lineno":415,"error_detail":[{"exc_type":"NameError","exc_value":"name '_' is not defined","exc_notes":[],"syntax_error":null,"is_cause":false,"frames":[{"filename":"/home/airflow/.local/lib/python3.12/site-packages/airflow/models/dagbag.py","lineno":405,"name":"parse"},{"filename":"<frozen importlib._bootstrap_external>","lineno":999,"name":"exec_module"},{"filename":"<frozen importlib._bootstrap>","lineno":488,"name":"_call_with_frames_removed"},{"filename":"/opt/airflow/dags/xcom.py","lineno":28,"name":"<module>"}],"is_group":false,"exceptions":[]}]}
{"timestamp":"2025-10-02T09:02:21.907207Z","level":"info","event":"Filling up the DagBag from /opt/airflow/dags/xcom.py","logger":"airflow.models.dagbag.DagBag","filename":"dagbag.py","lineno":593}
{"timestamp":"2025-10-02T09:02:21.919143Z","level":"error","event":"Failed to import: /opt/airflow/dags/xcom.py","logger":"airflow.models.dagbag.DagBag","filename":"dagbag.py","lineno":415,"error_detail":[{"exc_type":"NameError","exc_value":"name '_p' is not defined","exc_notes":[],"syntax_error":null,"is_cause":false,"frames":[{"filename":"/home/airflow/.local/lib/python3.12/site-packages/airflow/models/dagbag.py","lineno":405,"name":"parse"},{"filename":"<frozen importlib._bootstrap_external>","lineno":999,"name":"exec_module"},{"filename":"<frozen importlib._bootstrap>","lineno":488,"name":"_call_with_frames_removed"},{"filename":"/opt/airflow/dags/xcom.py","lineno":28,"name":"<module>"}],"is_group":false,"exceptions":[]}]}
{"timestamp":"2025-10-02T09:02:27.064431Z","level":"info","event":"Filling up the DagBag from /opt/airflow/dags/xcom.py","logger":"airflow.models.dagbag.DagBag","filename":"dagbag.py","lineno":593}
{"timestamp":"2025-10-02T09:02:27.078362Z","level":"error","event":"Failed to import: /opt/airflow/dags/xcom.py","logger":"airflow.models.dagbag.DagBag","filename":"dagbag.py","lineno":415,"error_detail":[{"exc_type":"NameError","exc_value":"name 'push' is not defined","exc_notes":[],"syntax_error":null,"is_cause":false,"frames":[{"filename":"/home/airflow/.local/lib/python3.12/site-packages/airflow/models/dagbag.py","lineno":405,"name":"parse"},{"filename":"<frozen importlib._bootstrap_external>","lineno":999,"name":"exec_module"},{"filename":"<frozen importlib._bootstrap>","lineno":488,"name":"_call_with_frames_removed"},{"filename":"/opt/airflow/dags/xcom.py","lineno":32,"name":"<module>"}],"is_group":false,"exceptions":[]}]}
{"timestamp":"2025-10-02T09:02:29.123436Z","level":"info","event":"Filling up the DagBag from /opt/airflow/dags/xcom.py","logger":"airflow.models.dagbag.DagBag","filename":"dagbag.py","lineno":593}
{"timestamp":"2025-10-02T09:02:29.136711Z","level":"error","event":"Failed to import: /opt/airflow/dags/xcom.py","logger":"airflow.models.dagbag.DagBag","filename":"dagbag.py","lineno":415,"error_detail":[{"exc_type":"NameError","exc_value":"name 'push' is not defined","exc_notes":[],"syntax_error":null,"is_cause":false,"frames":[{"filename":"/home/airflow/.local/lib/python3.12/site-packages/airflow/models/dagbag.py","lineno":405,"name":"parse"},{"filename":"<frozen importlib._bootstrap_external>","lineno":999,"name":"exec_module"},{"filename":"<frozen importlib._bootstrap>","lineno":488,"name":"_call_with_frames_removed"},{"filename":"/opt/airflow/dags/xcom.py","lineno":34,"name":"<module>"}],"is_group":false,"exceptions":[]}]}
{"timestamp":"2025-10-02T09:02:31.180373Z","level":"info","event":"Filling up the DagBag from /opt/airflow/dags/xcom.py","logger":"airflow.models.dagbag.DagBag","filename":"dagbag.py","lineno":593}
{"timestamp":"2025-10-02T09:02:31.192829Z","level":"error","event":"Failed to import: /opt/airflow/dags/xcom.py","logger":"airflow.models.dagbag.DagBag","filename":"dagbag.py","lineno":415,"error_detail":[{"exc_type":"NameError","exc_value":"name '_' is not defined","exc_notes":[],"syntax_error":null,"is_cause":false,"frames":[{"filename":"/home/airflow/.local/lib/python3.12/site-packages/airflow/models/dagbag.py","lineno":405,"name":"parse"},{"filename":"<frozen importlib._bootstrap_external>","lineno":999,"name":"exec_module"},{"filename":"<frozen importlib._bootstrap>","lineno":488,"name":"_call_with_frames_removed"},{"filename":"/opt/airflow/dags/xcom.py","lineno":30,"name":"<module>"}],"is_group":false,"exceptions":[]}]}
{"timestamp":"2025-10-02T09:02:33.235924Z","level":"info","event":"Filling up the DagBag from /opt/airflow/dags/xcom.py","logger":"airflow.models.dagbag.DagBag","filename":"dagbag.py","lineno":593}
{"timestamp":"2025-10-02T09:02:33.248427Z","level":"error","event":"Failed to import: /opt/airflow/dags/xcom.py","logger":"airflow.models.dagbag.DagBag","filename":"dagbag.py","lineno":415,"error_detail":[{"exc_type":"NameError","exc_value":"name 'push' is not defined","exc_notes":[],"syntax_error":null,"is_cause":false,"frames":[{"filename":"/home/airflow/.local/lib/python3.12/site-packages/airflow/models/dagbag.py","lineno":405,"name":"parse"},{"filename":"<frozen importlib._bootstrap_external>","lineno":999,"name":"exec_module"},{"filename":"<frozen importlib._bootstrap>","lineno":488,"name":"_call_with_frames_removed"},{"filename":"/opt/airflow/dags/xcom.py","lineno":34,"name":"<module>"}],"is_group":false,"exceptions":[]}]}
{"timestamp":"2025-10-02T09:02:34.280501Z","level":"info","event":"Filling up the DagBag from /opt/airflow/dags/xcom.py","logger":"airflow.models.dagbag.DagBag","filename":"dagbag.py","lineno":593}
{"timestamp":"2025-10-02T09:02:34.297428Z","level":"error","event":"Failed to import: /opt/airflow/dags/xcom.py","logger":"airflow.models.dagbag.DagBag","filename":"dagbag.py","lineno":415,"error_detail":[{"exc_type":"NameError","exc_value":"name 'push' is not defined","exc_notes":[],"syntax_error":null,"is_cause":false,"frames":[{"filename":"/home/airflow/.local/lib/python3.12/site-packages/airflow/models/dagbag.py","lineno":405,"name":"parse"},{"filename":"<frozen importlib._bootstrap_external>","lineno":999,"name":"exec_module"},{"filename":"<frozen importlib._bootstrap>","lineno":488,"name":"_call_with_frames_removed"},{"filename":"/opt/airflow/dags/xcom.py","lineno":34,"name":"<module>"}],"is_group":false,"exceptions":[]}]}
{"timestamp":"2025-10-02T09:03:04.864461Z","level":"info","event":"Filling up the DagBag from /opt/airflow/dags/xcom.py","logger":"airflow.models.dagbag.DagBag","filename":"dagbag.py","lineno":593}
{"timestamp":"2025-10-02T09:03:04.888396Z","level":"error","event":"Failed to import: /opt/airflow/dags/xcom.py","logger":"airflow.models.dagbag.DagBag","filename":"dagbag.py","lineno":415,"error_detail":[{"exc_type":"NameError","exc_value":"name 'push' is not defined","exc_notes":[],"syntax_error":null,"is_cause":false,"frames":[{"filename":"/home/airflow/.local/lib/python3.12/site-packages/airflow/models/dagbag.py","lineno":405,"name":"parse"},{"filename":"<frozen importlib._bootstrap_external>","lineno":999,"name":"exec_module"},{"filename":"<frozen importlib._bootstrap>","lineno":488,"name":"_call_with_frames_removed"},{"filename":"/opt/airflow/dags/xcom.py","lineno":34,"name":"<module>"}],"is_group":false,"exceptions":[]}]}
{"timestamp":"2025-10-02T09:03:35.402608Z","level":"info","event":"Filling up the DagBag from /opt/airflow/dags/xcom.py","logger":"airflow.models.dagbag.DagBag","filename":"dagbag.py","lineno":593}
{"timestamp":"2025-10-02T09:03:35.421500Z","level":"error","event":"Failed to import: /opt/airflow/dags/xcom.py","logger":"airflow.models.dagbag.DagBag","filename":"dagbag.py","lineno":415,"error_detail":[{"exc_type":"NameError","exc_value":"name 'push' is not defined","exc_notes":[],"syntax_error":null,"is_cause":false,"frames":[{"filename":"/home/airflow/.local/lib/python3.12/site-packages/airflow/models/dagbag.py","lineno":405,"name":"parse"},{"filename":"<frozen importlib._bootstrap_external>","lineno":999,"name":"exec_module"},{"filename":"<frozen importlib._bootstrap>","lineno":488,"name":"_call_with_frames_removed"},{"filename":"/opt/airflow/dags/xcom.py","lineno":34,"name":"<module>"}],"is_group":false,"exceptions":[]}]}
{"timestamp":"2025-10-02T09:03:40.516018Z","level":"info","event":"Filling up the DagBag from /opt/airflow/dags/xcom.py","logger":"airflow.models.dagbag.DagBag","filename":"dagbag.py","lineno":593}
{"timestamp":"2025-10-02T09:03:40.531253Z","level":"error","event":"Failed to import: /opt/airflow/dags/xcom.py","logger":"airflow.models.dagbag.DagBag","filename":"dagbag.py","lineno":415,"error_detail":[{"exc_type":"NameError","exc_value":"name 'push' is not defined","exc_notes":[],"syntax_error":null,"is_cause":false,"frames":[{"filename":"/home/airflow/.local/lib/python3.12/site-packages/airflow/models/dagbag.py","lineno":405,"name":"parse"},{"filename":"<frozen importlib._bootstrap_external>","lineno":999,"name":"exec_module"},{"filename":"<frozen importlib._bootstrap>","lineno":488,"name":"_call_with_frames_removed"},{"filename":"/opt/airflow/dags/xcom.py","lineno":34,"name":"<module>"}],"is_group":false,"exceptions":[]}]}
{"timestamp":"2025-10-02T09:04:10.999212Z","level":"info","event":"Filling up the DagBag from /opt/airflow/dags/xcom.py","logger":"airflow.models.dagbag.DagBag","filename":"dagbag.py","lineno":593}
{"timestamp":"2025-10-02T09:04:11.013589Z","level":"error","event":"Failed to import: /opt/airflow/dags/xcom.py","logger":"airflow.models.dagbag.DagBag","filename":"dagbag.py","lineno":415,"error_detail":[{"exc_type":"AttributeError","exc_value":"'_TaskDecorator' object has no attribute 'update_relative'","exc_notes":[],"syntax_error":null,"is_cause":false,"frames":[{"filename":"/home/airflow/.local/lib/python3.12/site-packages/airflow/models/dagbag.py","lineno":405,"name":"parse"},{"filename":"<frozen importlib._bootstrap_external>","lineno":999,"name":"exec_module"},{"filename":"<frozen importlib._bootstrap>","lineno":488,"name":"_call_with_frames_removed"},{"filename":"/opt/airflow/dags/xcom.py","lineno":34,"name":"<module>"},{"filename":"/home/airflow/.local/lib/python3.12/site-packages/airflow/sdk/definitions/_internal/mixins.py","lineno":101,"name":"__rshift__"},{"filename":"/home/airflow/.local/lib/python3.12/site-packages/airflow/sdk/definitions/_internal/node.py","lineno":220,"name":"set_downstream"},{"filename":"/home/airflow/.local/lib/python3.12/site-packages/airflow/sdk/definitions/_internal/node.py","lineno":172,"name":"_set_relatives"}],"is_group":false,"exceptions":[]}]}
{"timestamp":"2025-10-02T09:04:14.076008Z","level":"info","event":"Filling up the DagBag from /opt/airflow/dags/xcom.py","logger":"airflow.models.dagbag.DagBag","filename":"dagbag.py","lineno":593}
{"timestamp":"2025-10-02T09:04:14.089775Z","level":"error","event":"Failed to import: /opt/airflow/dags/xcom.py","logger":"airflow.models.dagbag.DagBag","filename":"dagbag.py","lineno":415,"error_detail":[{"exc_type":"AttributeError","exc_value":"'_TaskDecorator' object has no attribute 'update_relative'","exc_notes":[],"syntax_error":null,"is_cause":false,"frames":[{"filename":"/home/airflow/.local/lib/python3.12/site-packages/airflow/models/dagbag.py","lineno":405,"name":"parse"},{"filename":"<frozen importlib._bootstrap_external>","lineno":999,"name":"exec_module"},{"filename":"<frozen importlib._bootstrap>","lineno":488,"name":"_call_with_frames_removed"},{"filename":"/opt/airflow/dags/xcom.py","lineno":34,"name":"<module>"},{"filename":"/home/airflow/.local/lib/python3.12/site-packages/airflow/sdk/definitions/_internal/mixins.py","lineno":101,"name":"__rshift__"},{"filename":"/home/airflow/.local/lib/python3.12/site-packages/airflow/sdk/definitions/_internal/node.py","lineno":220,"name":"set_downstream"},{"filename":"/home/airflow/.local/lib/python3.12/site-packages/airflow/sdk/definitions/_internal/node.py","lineno":172,"name":"_set_relatives"}],"is_group":false,"exceptions":[]}]}
{"timestamp":"2025-10-02T09:04:44.603999Z","level":"info","event":"Filling up the DagBag from /opt/airflow/dags/xcom.py","logger":"airflow.models.dagbag.DagBag","filename":"dagbag.py","lineno":593}
{"timestamp":"2025-10-02T09:04:44.617912Z","level":"error","event":"Failed to import: /opt/airflow/dags/xcom.py","logger":"airflow.models.dagbag.DagBag","filename":"dagbag.py","lineno":415,"error_detail":[{"exc_type":"AttributeError","exc_value":"'_TaskDecorator' object has no attribute 'update_relative'","exc_notes":[],"syntax_error":null,"is_cause":false,"frames":[{"filename":"/home/airflow/.local/lib/python3.12/site-packages/airflow/models/dagbag.py","lineno":405,"name":"parse"},{"filename":"<frozen importlib._bootstrap_external>","lineno":999,"name":"exec_module"},{"filename":"<frozen importlib._bootstrap>","lineno":488,"name":"_call_with_frames_removed"},{"filename":"/opt/airflow/dags/xcom.py","lineno":34,"name":"<module>"},{"filename":"/home/airflow/.local/lib/python3.12/site-packages/airflow/sdk/definitions/_internal/mixins.py","lineno":101,"name":"__rshift__"},{"filename":"/home/airflow/.local/lib/python3.12/site-packages/airflow/sdk/definitions/_internal/node.py","lineno":220,"name":"set_downstream"},{"filename":"/home/airflow/.local/lib/python3.12/site-packages/airflow/sdk/definitions/_internal/node.py","lineno":172,"name":"_set_relatives"}],"is_group":false,"exceptions":[]}]}
{"timestamp":"2025-10-02T09:05:04.985740Z","level":"info","event":"Filling up the DagBag from /opt/airflow/dags/xcom.py","logger":"airflow.models.dagbag.DagBag","filename":"dagbag.py","lineno":593}
{"timestamp":"2025-10-02T09:05:04.998123Z","level":"error","event":"Failed to import: /opt/airflow/dags/xcom.py","logger":"airflow.models.dagbag.DagBag","filename":"dagbag.py","lineno":415,"error_detail":[{"exc_type":"TypeError","exc_value":"unsupported operand type(s) for >>: '_TaskDecorator' and '_TaskDecorator'","exc_notes":[],"syntax_error":null,"is_cause":false,"frames":[{"filename":"/home/airflow/.local/lib/python3.12/site-packages/airflow/models/dagbag.py","lineno":405,"name":"parse"},{"filename":"<frozen importlib._bootstrap_external>","lineno":999,"name":"exec_module"},{"filename":"<frozen importlib._bootstrap>","lineno":488,"name":"_call_with_frames_removed"},{"filename":"/opt/airflow/dags/xcom.py","lineno":34,"name":"<module>"}],"is_group":false,"exceptions":[]}]}
{"timestamp":"2025-10-02T09:05:08.083578Z","level":"info","event":"Filling up the DagBag from /opt/airflow/dags/xcom.py","logger":"airflow.models.dagbag.DagBag","filename":"dagbag.py","lineno":593}
{"timestamp":"2025-10-02T09:05:09.142142Z","level":"info","event":"Filling up the DagBag from /opt/airflow/dags/xcom.py","logger":"airflow.models.dagbag.DagBag","filename":"dagbag.py","lineno":593}
{"timestamp":"2025-10-02T09:05:11.208861Z","level":"info","event":"Filling up the DagBag from /opt/airflow/dags/xcom.py","logger":"airflow.models.dagbag.DagBag","filename":"dagbag.py","lineno":593}
{"timestamp":"2025-10-02T09:05:12.261584Z","level":"info","event":"Filling up the DagBag from /opt/airflow/dags/xcom.py","logger":"airflow.models.dagbag.DagBag","filename":"dagbag.py","lineno":593}
{"timestamp":"2025-10-02T09:05:12.281048Z","level":"error","event":"Failed to import: /opt/airflow/dags/xcom.py","logger":"airflow.models.dagbag.DagBag","filename":"dagbag.py","lineno":415,"error_detail":[{"exc_type":"NameError","exc_value":"name '_' is not defined","exc_notes":[],"syntax_error":null,"is_cause":false,"frames":[{"filename":"/home/airflow/.local/lib/python3.12/site-packages/airflow/models/dagbag.py","lineno":405,"name":"parse"},{"filename":"<frozen importlib._bootstrap_external>","lineno":999,"name":"exec_module"},{"filename":"<frozen importlib._bootstrap>","lineno":488,"name":"_call_with_frames_removed"},{"filename":"/opt/airflow/dags/xcom.py","lineno":35,"name":"<module>"}],"is_group":false,"exceptions":[]}]}
{"timestamp":"2025-10-02T09:05:15.369665Z","level":"info","event":"Filling up the DagBag from /opt/airflow/dags/xcom.py","logger":"airflow.models.dagbag.DagBag","filename":"dagbag.py","lineno":593}
{"timestamp":"2025-10-02T09:05:45.873781Z","level":"info","event":"Filling up the DagBag from /opt/airflow/dags/xcom.py","logger":"airflow.models.dagbag.DagBag","filename":"dagbag.py","lineno":593}
{"timestamp":"2025-10-02T09:06:16.372136Z","level":"info","event":"Filling up the DagBag from /opt/airflow/dags/xcom.py","logger":"airflow.models.dagbag.DagBag","filename":"dagbag.py","lineno":593}
{"timestamp":"2025-10-02T09:06:23.501100Z","level":"info","event":"Filling up the DagBag from /opt/airflow/dags/xcom.py","logger":"airflow.models.dagbag.DagBag","filename":"dagbag.py","lineno":593}
{"timestamp":"2025-10-02T09:06:25.624419Z","level":"info","event":"Filling up the DagBag from /opt/airflow/dags/xcom.py","logger":"airflow.models.dagbag.DagBag","filename":"dagbag.py","lineno":593}
{"timestamp":"2025-10-02T09:06:56.160955Z","level":"info","event":"Filling up the DagBag from /opt/airflow/dags/xcom.py","logger":"airflow.models.dagbag.DagBag","filename":"dagbag.py","lineno":593}
{"timestamp":"2025-10-02T09:07:22.615533Z","level":"info","event":"Filling up the DagBag from /opt/airflow/dags/xcom.py","logger":"airflow.models.dagbag.DagBag","filename":"dagbag.py","lineno":593}
{"timestamp":"2025-10-02T09:07:22.631867Z","level":"error","event":"Failed to import: /opt/airflow/dags/xcom.py","logger":"airflow.models.dagbag.DagBag","filename":"dagbag.py","lineno":415,"error_detail":[{"exc_type":"NameError","exc_value":"name 'start' is not defined","exc_notes":[],"syntax_error":null,"is_cause":false,"frames":[{"filename":"/home/airflow/.local/lib/python3.12/site-packages/airflow/models/dagbag.py","lineno":405,"name":"parse"},{"filename":"<frozen importlib._bootstrap_external>","lineno":999,"name":"exec_module"},{"filename":"<frozen importlib._bootstrap>","lineno":488,"name":"_call_with_frames_removed"},{"filename":"/opt/airflow/dags/xcom.py","lineno":34,"name":"<module>"}],"is_group":false,"exceptions":[]}]}
{"timestamp":"2025-10-02T09:07:24.671362Z","level":"info","event":"Filling up the DagBag from /opt/airflow/dags/xcom.py","logger":"airflow.models.dagbag.DagBag","filename":"dagbag.py","lineno":593}
{"timestamp":"2025-10-02T09:07:24.685015Z","level":"error","event":"Failed to import: /opt/airflow/dags/xcom.py","logger":"airflow.models.dagbag.DagBag","filename":"dagbag.py","lineno":415,"error_detail":[{"exc_type":"NameError","exc_value":"name 'start' is not defined","exc_notes":[],"syntax_error":null,"is_cause":false,"frames":[{"filename":"/home/airflow/.local/lib/python3.12/site-packages/airflow/models/dagbag.py","lineno":405,"name":"parse"},{"filename":"<frozen importlib._bootstrap_external>","lineno":999,"name":"exec_module"},{"filename":"<frozen importlib._bootstrap>","lineno":488,"name":"_call_with_frames_removed"},{"filename":"/opt/airflow/dags/xcom.py","lineno":34,"name":"<module>"}],"is_group":false,"exceptions":[]}]}
{"timestamp":"2025-10-02T09:07:25.721076Z","level":"info","event":"Filling up the DagBag from /opt/airflow/dags/xcom.py","logger":"airflow.models.dagbag.DagBag","filename":"dagbag.py","lineno":593}
{"timestamp":"2025-10-02T09:07:25.739675Z","level":"error","event":"Failed to import: /opt/airflow/dags/xcom.py","logger":"airflow.models.dagbag.DagBag","filename":"dagbag.py","lineno":415,"error_detail":[{"exc_type":"DuplicateTaskIdFound","exc_value":"Task id 'push' has already been added to the Dag","exc_notes":[],"syntax_error":null,"is_cause":false,"frames":[{"filename":"/home/airflow/.local/lib/python3.12/site-packages/airflow/models/dagbag.py","lineno":405,"name":"parse"},{"filename":"<frozen importlib._bootstrap_external>","lineno":999,"name":"exec_module"},{"filename":"<frozen importlib._bootstrap>","lineno":488,"name":"_call_with_frames_removed"},{"filename":"/opt/airflow/dags/xcom.py","lineno":34,"name":"<module>"},{"filename":"/home/airflow/.local/lib/python3.12/site-packages/airflow/sdk/definitions/_internal/mixins.py","lineno":101,"name":"__rshift__"},{"filename":"/home/airflow/.local/lib/python3.12/site-packages/airflow/sdk/definitions/_internal/node.py","lineno":220,"name":"set_downstream"},{"filename":"/home/airflow/.local/lib/python3.12/site-packages/airflow/sdk/definitions/_internal/node.py","lineno":202,"name":"_set_relatives"},{"filename":"/home/airflow/.local/lib/python3.12/site-packages/airflow/sdk/definitions/dag.py","lineno":1004,"name":"add_task"},{"filename":"/home/airflow/.local/lib/python3.12/site-packages/airflow/sdk/definitions/taskgroup.py","lineno":245,"name":"add"}],"is_group":false,"exceptions":[]}]}
{"timestamp":"2025-10-02T09:07:29.858729Z","level":"info","event":"Filling up the DagBag from /opt/airflow/dags/xcom.py","logger":"airflow.models.dagbag.DagBag","filename":"dagbag.py","lineno":593}
{"timestamp":"2025-10-02T09:08:00.377234Z","level":"info","event":"Filling up the DagBag from /opt/airflow/dags/xcom.py","logger":"airflow.models.dagbag.DagBag","filename":"dagbag.py","lineno":593}
{"timestamp":"2025-10-02T09:08:24.751258Z","level":"info","event":"Filling up the DagBag from /opt/airflow/dags/xcom.py","logger":"airflow.models.dagbag.DagBag","filename":"dagbag.py","lineno":593}
{"timestamp":"2025-10-02T09:08:55.252577Z","level":"info","event":"Filling up the DagBag from /opt/airflow/dags/xcom.py","logger":"airflow.models.dagbag.DagBag","filename":"dagbag.py","lineno":593}
{"timestamp":"2025-10-02T09:09:25.786881Z","level":"info","event":"Filling up the DagBag from /opt/airflow/dags/xcom.py","logger":"airflow.models.dagbag.DagBag","filename":"dagbag.py","lineno":593}
{"timestamp":"2025-10-02T09:09:30.953316Z","level":"info","event":"Filling up the DagBag from /opt/airflow/dags/xcom.py","logger":"airflow.models.dagbag.DagBag","filename":"dagbag.py","lineno":593}
{"timestamp":"2025-10-02T09:09:35.109059Z","level":"info","event":"Filling up the DagBag from /opt/airflow/dags/xcom.py","logger":"airflow.models.dagbag.DagBag","filename":"dagbag.py","lineno":593}
{"timestamp":"2025-10-02T09:09:35.120966Z","level":"error","event":"Failed to import: /opt/airflow/dags/xcom.py","logger":"airflow.models.dagbag.DagBag","filename":"dagbag.py","lineno":415,"error_detail":[{"exc_type":"NameError","exc_value":"name 'pus' is not defined","exc_notes":[],"syntax_error":null,"is_cause":false,"frames":[{"filename":"/home/airflow/.local/lib/python3.12/site-packages/airflow/models/dagbag.py","lineno":405,"name":"parse"},{"filename":"<frozen importlib._bootstrap_external>","lineno":999,"name":"exec_module"},{"filename":"<frozen importlib._bootstrap>","lineno":488,"name":"_call_with_frames_removed"},{"filename":"/opt/airflow/dags/xcom.py","lineno":28,"name":"<module>"}],"is_group":false,"exceptions":[]}]}
{"timestamp":"2025-10-02T09:09:37.160918Z","level":"info","event":"Filling up the DagBag from /opt/airflow/dags/xcom.py","logger":"airflow.models.dagbag.DagBag","filename":"dagbag.py","lineno":593}
{"timestamp":"2025-10-02T09:09:37.172480Z","level":"error","event":"Failed to import: /opt/airflow/dags/xcom.py","logger":"airflow.models.dagbag.DagBag","filename":"dagbag.py","lineno":415,"error_detail":[{"exc_type":"NameError","exc_value":"name 'push' is not defined","exc_notes":[],"syntax_error":null,"is_cause":false,"frames":[{"filename":"/home/airflow/.local/lib/python3.12/site-packages/airflow/models/dagbag.py","lineno":405,"name":"parse"},{"filename":"<frozen importlib._bootstrap_external>","lineno":999,"name":"exec_module"},{"filename":"<frozen importlib._bootstrap>","lineno":488,"name":"_call_with_frames_removed"},{"filename":"/opt/airflow/dags/xcom.py","lineno":28,"name":"<module>"}],"is_group":false,"exceptions":[]}]}
{"timestamp":"2025-10-02T09:09:39.216132Z","level":"info","event":"Filling up the DagBag from /opt/airflow/dags/xcom.py","logger":"airflow.models.dagbag.DagBag","filename":"dagbag.py","lineno":593}
{"timestamp":"2025-10-02T09:09:39.218053Z","level":"error","event":"Failed to import: /opt/airflow/dags/xcom.py","logger":"airflow.models.dagbag.DagBag","filename":"dagbag.py","lineno":415,"error_detail":[{"exc_type":"SyntaxError","exc_value":"invalid syntax (xcom.py, line 28)","exc_notes":[],"syntax_error":{"offset":12,"filename":"/opt/airflow/dags/xcom.py","line":"    push = \n","lineno":28,"msg":"invalid syntax"},"is_cause":false,"frames":[{"filename":"/home/airflow/.local/lib/python3.12/site-packages/airflow/models/dagbag.py","lineno":405,"name":"parse"},{"filename":"<frozen importlib._bootstrap_external>","lineno":995,"name":"exec_module"},{"filename":"<frozen importlib._bootstrap_external>","lineno":1133,"name":"get_code"},{"filename":"<frozen importlib._bootstrap_external>","lineno":1063,"name":"source_to_code"},{"filename":"<frozen importlib._bootstrap>","lineno":488,"name":"_call_with_frames_removed"}],"is_group":false,"exceptions":[]}]}
{"timestamp":"2025-10-02T09:09:41.264653Z","level":"info","event":"Filling up the DagBag from /opt/airflow/dags/xcom.py","logger":"airflow.models.dagbag.DagBag","filename":"dagbag.py","lineno":593}
{"timestamp":"2025-10-02T09:09:41.276523Z","level":"error","event":"Failed to import: /opt/airflow/dags/xcom.py","logger":"airflow.models.dagbag.DagBag","filename":"dagbag.py","lineno":415,"error_detail":[{"exc_type":"NameError","exc_value":"name '_p' is not defined","exc_notes":[],"syntax_error":null,"is_cause":false,"frames":[{"filename":"/home/airflow/.local/lib/python3.12/site-packages/airflow/models/dagbag.py","lineno":405,"name":"parse"},{"filename":"<frozen importlib._bootstrap_external>","lineno":999,"name":"exec_module"},{"filename":"<frozen importlib._bootstrap>","lineno":488,"name":"_call_with_frames_removed"},{"filename":"/opt/airflow/dags/xcom.py","lineno":28,"name":"<module>"}],"is_group":false,"exceptions":[]}]}
{"timestamp":"2025-10-02T09:09:43.370828Z","level":"info","event":"Filling up the DagBag from /opt/airflow/dags/xcom.py","logger":"airflow.models.dagbag.DagBag","filename":"dagbag.py","lineno":593}
{"timestamp":"2025-10-02T09:09:43.384466Z","level":"error","event":"Failed to import: /opt/airflow/dags/xcom.py","logger":"airflow.models.dagbag.DagBag","filename":"dagbag.py","lineno":415,"error_detail":[{"exc_type":"DuplicateTaskIdFound","exc_value":"Task id 'push' has already been added to the Dag","exc_notes":[],"syntax_error":null,"is_cause":false,"frames":[{"filename":"/home/airflow/.local/lib/python3.12/site-packages/airflow/models/dagbag.py","lineno":405,"name":"parse"},{"filename":"<frozen importlib._bootstrap_external>","lineno":999,"name":"exec_module"},{"filename":"<frozen importlib._bootstrap>","lineno":488,"name":"_call_with_frames_removed"},{"filename":"/opt/airflow/dags/xcom.py","lineno":32,"name":"<module>"},{"filename":"/home/airflow/.local/lib/python3.12/site-packages/airflow/sdk/definitions/_internal/mixins.py","lineno":101,"name":"__rshift__"},{"filename":"/home/airflow/.local/lib/python3.12/site-packages/airflow/sdk/definitions/_internal/node.py","lineno":220,"name":"set_downstream"},{"filename":"/home/airflow/.local/lib/python3.12/site-packages/airflow/sdk/definitions/_internal/node.py","lineno":202,"name":"_set_relatives"},{"filename":"/home/airflow/.local/lib/python3.12/site-packages/airflow/sdk/definitions/dag.py","lineno":1004,"name":"add_task"},{"filename":"/home/airflow/.local/lib/python3.12/site-packages/airflow/sdk/definitions/taskgroup.py","lineno":245,"name":"add"}],"is_group":false,"exceptions":[]}]}
{"timestamp":"2025-10-02T09:09:44.429951Z","level":"info","event":"Filling up the DagBag from /opt/airflow/dags/xcom.py","logger":"airflow.models.dagbag.DagBag","filename":"dagbag.py","lineno":593}
{"timestamp":"2025-10-02T09:09:44.444631Z","level":"error","event":"Failed to import: /opt/airflow/dags/xcom.py","logger":"airflow.models.dagbag.DagBag","filename":"dagbag.py","lineno":415,"error_detail":[{"exc_type":"DuplicateTaskIdFound","exc_value":"Task id 'push' has already been added to the Dag","exc_notes":[],"syntax_error":null,"is_cause":false,"frames":[{"filename":"/home/airflow/.local/lib/python3.12/site-packages/airflow/models/dagbag.py","lineno":405,"name":"parse"},{"filename":"<frozen importlib._bootstrap_external>","lineno":999,"name":"exec_module"},{"filename":"<frozen importlib._bootstrap>","lineno":488,"name":"_call_with_frames_removed"},{"filename":"/opt/airflow/dags/xcom.py","lineno":34,"name":"<module>"},{"filename":"/home/airflow/.local/lib/python3.12/site-packages/airflow/sdk/definitions/_internal/mixins.py","lineno":101,"name":"__rshift__"},{"filename":"/home/airflow/.local/lib/python3.12/site-packages/airflow/sdk/definitions/_internal/node.py","lineno":220,"name":"set_downstream"},{"filename":"/home/airflow/.local/lib/python3.12/site-packages/airflow/sdk/definitions/_internal/node.py","lineno":202,"name":"_set_relatives"},{"filename":"/home/airflow/.local/lib/python3.12/site-packages/airflow/sdk/definitions/dag.py","lineno":1004,"name":"add_task"},{"filename":"/home/airflow/.local/lib/python3.12/site-packages/airflow/sdk/definitions/taskgroup.py","lineno":245,"name":"add"}],"is_group":false,"exceptions":[]}]}
{"timestamp":"2025-10-02T09:09:51.567945Z","level":"info","event":"Filling up the DagBag from /opt/airflow/dags/xcom.py","logger":"airflow.models.dagbag.DagBag","filename":"dagbag.py","lineno":593}
{"timestamp":"2025-10-02T09:09:51.581679Z","level":"error","event":"Failed to import: /opt/airflow/dags/xcom.py","logger":"airflow.models.dagbag.DagBag","filename":"dagbag.py","lineno":415,"error_detail":[{"exc_type":"DuplicateTaskIdFound","exc_value":"Task id 'push' has already been added to the Dag","exc_notes":[],"syntax_error":null,"is_cause":false,"frames":[{"filename":"/home/airflow/.local/lib/python3.12/site-packages/airflow/models/dagbag.py","lineno":405,"name":"parse"},{"filename":"<frozen importlib._bootstrap_external>","lineno":999,"name":"exec_module"},{"filename":"<frozen importlib._bootstrap>","lineno":488,"name":"_call_with_frames_removed"},{"filename":"/opt/airflow/dags/xcom.py","lineno":34,"name":"<module>"},{"filename":"/home/airflow/.local/lib/python3.12/site-packages/airflow/sdk/definitions/_internal/mixins.py","lineno":101,"name":"__rshift__"},{"filename":"/home/airflow/.local/lib/python3.12/site-packages/airflow/sdk/definitions/_internal/node.py","lineno":220,"name":"set_downstream"},{"filename":"/home/airflow/.local/lib/python3.12/site-packages/airflow/sdk/definitions/_internal/node.py","lineno":202,"name":"_set_relatives"},{"filename":"/home/airflow/.local/lib/python3.12/site-packages/airflow/sdk/definitions/dag.py","lineno":1004,"name":"add_task"},{"filename":"/home/airflow/.local/lib/python3.12/site-packages/airflow/sdk/definitions/taskgroup.py","lineno":245,"name":"add"}],"is_group":false,"exceptions":[]}]}
{"timestamp":"2025-10-02T09:09:54.629529Z","level":"info","event":"Filling up the DagBag from /opt/airflow/dags/xcom.py","logger":"airflow.models.dagbag.DagBag","filename":"dagbag.py","lineno":593}
{"timestamp":"2025-10-02T09:09:54.644594Z","level":"error","event":"Failed to import: /opt/airflow/dags/xcom.py","logger":"airflow.models.dagbag.DagBag","filename":"dagbag.py","lineno":415,"error_detail":[{"exc_type":"AttributeError","exc_value":"'_TaskDecorator' object has no attribute 'update_relative'","exc_notes":[],"syntax_error":null,"is_cause":false,"frames":[{"filename":"/home/airflow/.local/lib/python3.12/site-packages/airflow/models/dagbag.py","lineno":405,"name":"parse"},{"filename":"<frozen importlib._bootstrap_external>","lineno":999,"name":"exec_module"},{"filename":"<frozen importlib._bootstrap>","lineno":488,"name":"_call_with_frames_removed"},{"filename":"/opt/airflow/dags/xcom.py","lineno":34,"name":"<module>"},{"filename":"/home/airflow/.local/lib/python3.12/site-packages/airflow/sdk/definitions/_internal/mixins.py","lineno":101,"name":"__rshift__"},{"filename":"/home/airflow/.local/lib/python3.12/site-packages/airflow/sdk/definitions/_internal/node.py","lineno":220,"name":"set_downstream"},{"filename":"/home/airflow/.local/lib/python3.12/site-packages/airflow/sdk/definitions/_internal/node.py","lineno":172,"name":"_set_relatives"}],"is_group":false,"exceptions":[]}]}
{"timestamp":"2025-10-02T09:09:56.709047Z","level":"info","event":"Filling up the DagBag from /opt/airflow/dags/xcom.py","logger":"airflow.models.dagbag.DagBag","filename":"dagbag.py","lineno":593}
{"timestamp":"2025-10-02T09:09:56.724112Z","level":"error","event":"Failed to import: /opt/airflow/dags/xcom.py","logger":"airflow.models.dagbag.DagBag","filename":"dagbag.py","lineno":415,"error_detail":[{"exc_type":"DuplicateTaskIdFound","exc_value":"Task id 'pull' has already been added to the Dag","exc_notes":[],"syntax_error":null,"is_cause":false,"frames":[{"filename":"/home/airflow/.local/lib/python3.12/site-packages/airflow/models/dagbag.py","lineno":405,"name":"parse"},{"filename":"<frozen importlib._bootstrap_external>","lineno":999,"name":"exec_module"},{"filename":"<frozen importlib._bootstrap>","lineno":488,"name":"_call_with_frames_removed"},{"filename":"/opt/airflow/dags/xcom.py","lineno":34,"name":"<module>"},{"filename":"/home/airflow/.local/lib/python3.12/site-packages/airflow/sdk/definitions/_internal/mixins.py","lineno":101,"name":"__rshift__"},{"filename":"/home/airflow/.local/lib/python3.12/site-packages/airflow/sdk/definitions/xcom_arg.py","lineno":157,"name":"set_downstream"},{"filename":"/home/airflow/.local/lib/python3.12/site-packages/airflow/sdk/definitions/_internal/node.py","lineno":220,"name":"set_downstream"},{"filename":"/home/airflow/.local/lib/python3.12/site-packages/airflow/sdk/definitions/_internal/node.py","lineno":202,"name":"_set_relatives"},{"filename":"/home/airflow/.local/lib/python3.12/site-packages/airflow/sdk/definitions/dag.py","lineno":1004,"name":"add_task"},{"filename":"/home/airflow/.local/lib/python3.12/site-packages/airflow/sdk/definitions/taskgroup.py","lineno":245,"name":"add"}],"is_group":false,"exceptions":[]}]}
{"timestamp":"2025-10-02T09:09:58.772697Z","level":"info","event":"Filling up the DagBag from /opt/airflow/dags/xcom.py","logger":"airflow.models.dagbag.DagBag","filename":"dagbag.py","lineno":593}
{"timestamp":"2025-10-02T09:09:58.789536Z","level":"error","event":"Failed to import: /opt/airflow/dags/xcom.py","logger":"airflow.models.dagbag.DagBag","filename":"dagbag.py","lineno":415,"error_detail":[{"exc_type":"TypeError","exc_value":"'PlainXComArg' object is not callable","exc_notes":[],"syntax_error":null,"is_cause":false,"frames":[{"filename":"/home/airflow/.local/lib/python3.12/site-packages/airflow/models/dagbag.py","lineno":405,"name":"parse"},{"filename":"<frozen importlib._bootstrap_external>","lineno":999,"name":"exec_module"},{"filename":"<frozen importlib._bootstrap>","lineno":488,"name":"_call_with_frames_removed"},{"filename":"/opt/airflow/dags/xcom.py","lineno":34,"name":"<module>"}],"is_group":false,"exceptions":[]}]}
{"timestamp":"2025-10-02T09:10:00.903786Z","level":"info","event":"Filling up the DagBag from /opt/airflow/dags/xcom.py","logger":"airflow.models.dagbag.DagBag","filename":"dagbag.py","lineno":593}
{"timestamp":"2025-10-02T09:10:03.970451Z","level":"info","event":"Filling up the DagBag from /opt/airflow/dags/xcom.py","logger":"airflow.models.dagbag.DagBag","filename":"dagbag.py","lineno":593}
{"timestamp":"2025-10-02T09:10:34.496228Z","level":"info","event":"Filling up the DagBag from /opt/airflow/dags/xcom.py","logger":"airflow.models.dagbag.DagBag","filename":"dagbag.py","lineno":593}
{"timestamp":"2025-10-02T09:11:05.008009Z","level":"info","event":"Filling up the DagBag from /opt/airflow/dags/xcom.py","logger":"airflow.models.dagbag.DagBag","filename":"dagbag.py","lineno":593}
{"timestamp":"2025-10-02T09:11:35.542963Z","level":"info","event":"Filling up the DagBag from /opt/airflow/dags/xcom.py","logger":"airflow.models.dagbag.DagBag","filename":"dagbag.py","lineno":593}
{"timestamp":"2025-10-02T09:12:06.058357Z","level":"info","event":"Filling up the DagBag from /opt/airflow/dags/xcom.py","logger":"airflow.models.dagbag.DagBag","filename":"dagbag.py","lineno":593}
{"timestamp":"2025-10-02T09:12:36.572574Z","level":"info","event":"Filling up the DagBag from /opt/airflow/dags/xcom.py","logger":"airflow.models.dagbag.DagBag","filename":"dagbag.py","lineno":593}
{"timestamp":"2025-10-02T09:13:07.154924Z","level":"info","event":"Filling up the DagBag from /opt/airflow/dags/xcom.py","logger":"airflow.models.dagbag.DagBag","filename":"dagbag.py","lineno":593}
{"timestamp":"2025-10-02T09:13:37.815930Z","level":"info","event":"Filling up the DagBag from /opt/airflow/dags/xcom.py","logger":"airflow.models.dagbag.DagBag","filename":"dagbag.py","lineno":593}
{"timestamp":"2025-10-02T09:14:08.335927Z","level":"info","event":"Filling up the DagBag from /opt/airflow/dags/xcom.py","logger":"airflow.models.dagbag.DagBag","filename":"dagbag.py","lineno":593}
{"timestamp":"2025-10-02T09:14:38.870396Z","level":"info","event":"Filling up the DagBag from /opt/airflow/dags/xcom.py","logger":"airflow.models.dagbag.DagBag","filename":"dagbag.py","lineno":593}
{"timestamp":"2025-10-02T09:15:09.386401Z","level":"info","event":"Filling up the DagBag from /opt/airflow/dags/xcom.py","logger":"airflow.models.dagbag.DagBag","filename":"dagbag.py","lineno":593}
{"timestamp":"2025-10-02T09:15:39.892531Z","level":"info","event":"Filling up the DagBag from /opt/airflow/dags/xcom.py","logger":"airflow.models.dagbag.DagBag","filename":"dagbag.py","lineno":593}
{"timestamp":"2025-10-02T09:16:10.425730Z","level":"info","event":"Filling up the DagBag from /opt/airflow/dags/xcom.py","logger":"airflow.models.dagbag.DagBag","filename":"dagbag.py","lineno":593}
{"timestamp":"2025-10-02T09:16:40.958185Z","level":"info","event":"Filling up the DagBag from /opt/airflow/dags/xcom.py","logger":"airflow.models.dagbag.DagBag","filename":"dagbag.py","lineno":593}
{"timestamp":"2025-10-02T09:17:11.490767Z","level":"info","event":"Filling up the DagBag from /opt/airflow/dags/xcom.py","logger":"airflow.models.dagbag.DagBag","filename":"dagbag.py","lineno":593}
{"timestamp":"2025-10-02T09:17:42.053583Z","level":"info","event":"Filling up the DagBag from /opt/airflow/dags/xcom.py","logger":"airflow.models.dagbag.DagBag","filename":"dagbag.py","lineno":593}
{"timestamp":"2025-10-02T09:18:12.616319Z","level":"info","event":"Filling up the DagBag from /opt/airflow/dags/xcom.py","logger":"airflow.models.dagbag.DagBag","filename":"dagbag.py","lineno":593}
{"timestamp":"2025-10-02T09:18:43.201104Z","level":"info","event":"Filling up the DagBag from /opt/airflow/dags/xcom.py","logger":"airflow.models.dagbag.DagBag","filename":"dagbag.py","lineno":593}
{"timestamp":"2025-10-02T09:19:13.832423Z","level":"info","event":"Filling up the DagBag from /opt/airflow/dags/xcom.py","logger":"airflow.models.dagbag.DagBag","filename":"dagbag.py","lineno":593}
{"timestamp":"2025-10-02T09:19:44.577687Z","level":"info","event":"Filling up the DagBag from /opt/airflow/dags/xcom.py","logger":"airflow.models.dagbag.DagBag","filename":"dagbag.py","lineno":593}
{"timestamp":"2025-10-02T09:20:15.114095Z","level":"info","event":"Filling up the DagBag from /opt/airflow/dags/xcom.py","logger":"airflow.models.dagbag.DagBag","filename":"dagbag.py","lineno":593}
{"timestamp":"2025-10-02T09:20:45.647450Z","level":"info","event":"Filling up the DagBag from /opt/airflow/dags/xcom.py","logger":"airflow.models.dagbag.DagBag","filename":"dagbag.py","lineno":593}
{"timestamp":"2025-10-02T09:21:16.237040Z","level":"info","event":"Filling up the DagBag from /opt/airflow/dags/xcom.py","logger":"airflow.models.dagbag.DagBag","filename":"dagbag.py","lineno":593}
{"timestamp":"2025-10-02T09:21:46.833420Z","level":"info","event":"Filling up the DagBag from /opt/airflow/dags/xcom.py","logger":"airflow.models.dagbag.DagBag","filename":"dagbag.py","lineno":593}
{"timestamp":"2025-10-02T09:22:17.464522Z","level":"info","event":"Filling up the DagBag from /opt/airflow/dags/xcom.py","logger":"airflow.models.dagbag.DagBag","filename":"dagbag.py","lineno":593}
{"timestamp":"2025-10-02T09:22:48.019627Z","level":"info","event":"Filling up the DagBag from /opt/airflow/dags/xcom.py","logger":"airflow.models.dagbag.DagBag","filename":"dagbag.py","lineno":593}
{"timestamp":"2025-10-02T09:23:18.599903Z","level":"info","event":"Filling up the DagBag from /opt/airflow/dags/xcom.py","logger":"airflow.models.dagbag.DagBag","filename":"dagbag.py","lineno":593}
{"timestamp":"2025-10-02T09:23:49.308989Z","level":"info","event":"Filling up the DagBag from /opt/airflow/dags/xcom.py","logger":"airflow.models.dagbag.DagBag","filename":"dagbag.py","lineno":593}
{"timestamp":"2025-10-02T09:24:19.887609Z","level":"info","event":"Filling up the DagBag from /opt/airflow/dags/xcom.py","logger":"airflow.models.dagbag.DagBag","filename":"dagbag.py","lineno":593}
{"timestamp":"2025-10-02T09:24:50.443557Z","level":"info","event":"Filling up the DagBag from /opt/airflow/dags/xcom.py","logger":"airflow.models.dagbag.DagBag","filename":"dagbag.py","lineno":593}
{"timestamp":"2025-10-02T09:25:21.021813Z","level":"info","event":"Filling up the DagBag from /opt/airflow/dags/xcom.py","logger":"airflow.models.dagbag.DagBag","filename":"dagbag.py","lineno":593}
{"timestamp":"2025-10-02T09:25:51.628507Z","level":"info","event":"Filling up the DagBag from /opt/airflow/dags/xcom.py","logger":"airflow.models.dagbag.DagBag","filename":"dagbag.py","lineno":593}
{"timestamp":"2025-10-02T09:26:22.224228Z","level":"info","event":"Filling up the DagBag from /opt/airflow/dags/xcom.py","logger":"airflow.models.dagbag.DagBag","filename":"dagbag.py","lineno":593}
{"timestamp":"2025-10-02T09:26:52.820181Z","level":"info","event":"Filling up the DagBag from /opt/airflow/dags/xcom.py","logger":"airflow.models.dagbag.DagBag","filename":"dagbag.py","lineno":593}
{"timestamp":"2025-10-02T09:27:23.393503Z","level":"info","event":"Filling up the DagBag from /opt/airflow/dags/xcom.py","logger":"airflow.models.dagbag.DagBag","filename":"dagbag.py","lineno":593}
{"timestamp":"2025-10-02T09:27:53.985463Z","level":"info","event":"Filling up the DagBag from /opt/airflow/dags/xcom.py","logger":"airflow.models.dagbag.DagBag","filename":"dagbag.py","lineno":593}
{"timestamp":"2025-10-02T09:28:24.553594Z","level":"info","event":"Filling up the DagBag from /opt/airflow/dags/xcom.py","logger":"airflow.models.dagbag.DagBag","filename":"dagbag.py","lineno":593}
{"timestamp":"2025-10-02T09:28:55.200601Z","level":"info","event":"Filling up the DagBag from /opt/airflow/dags/xcom.py","logger":"airflow.models.dagbag.DagBag","filename":"dagbag.py","lineno":593}
{"timestamp":"2025-10-02T09:29:25.779721Z","level":"info","event":"Filling up the DagBag from /opt/airflow/dags/xcom.py","logger":"airflow.models.dagbag.DagBag","filename":"dagbag.py","lineno":593}
{"timestamp":"2025-10-02T09:29:56.351518Z","level":"info","event":"Filling up the DagBag from /opt/airflow/dags/xcom.py","logger":"airflow.models.dagbag.DagBag","filename":"dagbag.py","lineno":593}
{"timestamp":"2025-10-02T09:30:26.920268Z","level":"info","event":"Filling up the DagBag from /opt/airflow/dags/xcom.py","logger":"airflow.models.dagbag.DagBag","filename":"dagbag.py","lineno":593}
{"timestamp":"2025-10-02T09:30:57.519810Z","level":"info","event":"Filling up the DagBag from /opt/airflow/dags/xcom.py","logger":"airflow.models.dagbag.DagBag","filename":"dagbag.py","lineno":593}
{"timestamp":"2025-10-02T09:31:28.107047Z","level":"info","event":"Filling up the DagBag from /opt/airflow/dags/xcom.py","logger":"airflow.models.dagbag.DagBag","filename":"dagbag.py","lineno":593}
{"timestamp":"2025-10-02T09:31:58.682953Z","level":"info","event":"Filling up the DagBag from /opt/airflow/dags/xcom.py","logger":"airflow.models.dagbag.DagBag","filename":"dagbag.py","lineno":593}
{"timestamp":"2025-10-02T09:32:29.261919Z","level":"info","event":"Filling up the DagBag from /opt/airflow/dags/xcom.py","logger":"airflow.models.dagbag.DagBag","filename":"dagbag.py","lineno":593}
{"timestamp":"2025-10-02T09:32:59.858588Z","level":"info","event":"Filling up the DagBag from /opt/airflow/dags/xcom.py","logger":"airflow.models.dagbag.DagBag","filename":"dagbag.py","lineno":593}
{"timestamp":"2025-10-02T09:33:30.428344Z","level":"info","event":"Filling up the DagBag from /opt/airflow/dags/xcom.py","logger":"airflow.models.dagbag.DagBag","filename":"dagbag.py","lineno":593}
{"timestamp":"2025-10-02T09:34:01.008968Z","level":"info","event":"Filling up the DagBag from /opt/airflow/dags/xcom.py","logger":"airflow.models.dagbag.DagBag","filename":"dagbag.py","lineno":593}
{"timestamp":"2025-10-02T09:34:31.671553Z","level":"info","event":"Filling up the DagBag from /opt/airflow/dags/xcom.py","logger":"airflow.models.dagbag.DagBag","filename":"dagbag.py","lineno":593}
{"timestamp":"2025-10-02T09:35:02.317897Z","level":"info","event":"Filling up the DagBag from /opt/airflow/dags/xcom.py","logger":"airflow.models.dagbag.DagBag","filename":"dagbag.py","lineno":593}
{"timestamp":"2025-10-02T09:35:32.877146Z","level":"info","event":"Filling up the DagBag from /opt/airflow/dags/xcom.py","logger":"airflow.models.dagbag.DagBag","filename":"dagbag.py","lineno":593}
{"timestamp":"2025-10-02T09:36:03.481329Z","level":"info","event":"Filling up the DagBag from /opt/airflow/dags/xcom.py","logger":"airflow.models.dagbag.DagBag","filename":"dagbag.py","lineno":593}
{"timestamp":"2025-10-02T09:36:34.096023Z","level":"info","event":"Filling up the DagBag from /opt/airflow/dags/xcom.py","logger":"airflow.models.dagbag.DagBag","filename":"dagbag.py","lineno":593}
{"timestamp":"2025-10-02T09:37:04.734565Z","level":"info","event":"Filling up the DagBag from /opt/airflow/dags/xcom.py","logger":"airflow.models.dagbag.DagBag","filename":"dagbag.py","lineno":593}
{"timestamp":"2025-10-02T09:37:35.331318Z","level":"info","event":"Filling up the DagBag from /opt/airflow/dags/xcom.py","logger":"airflow.models.dagbag.DagBag","filename":"dagbag.py","lineno":593}
{"timestamp":"2025-10-02T09:38:06.025349Z","level":"info","event":"Filling up the DagBag from /opt/airflow/dags/xcom.py","logger":"airflow.models.dagbag.DagBag","filename":"dagbag.py","lineno":593}
{"timestamp":"2025-10-02T09:38:36.620562Z","level":"info","event":"Filling up the DagBag from /opt/airflow/dags/xcom.py","logger":"airflow.models.dagbag.DagBag","filename":"dagbag.py","lineno":593}
{"timestamp":"2025-10-02T09:39:07.176170Z","level":"info","event":"Filling up the DagBag from /opt/airflow/dags/xcom.py","logger":"airflow.models.dagbag.DagBag","filename":"dagbag.py","lineno":593}
{"timestamp":"2025-10-02T09:39:37.768138Z","level":"info","event":"Filling up the DagBag from /opt/airflow/dags/xcom.py","logger":"airflow.models.dagbag.DagBag","filename":"dagbag.py","lineno":593}
{"timestamp":"2025-10-02T09:40:08.322378Z","level":"info","event":"Filling up the DagBag from /opt/airflow/dags/xcom.py","logger":"airflow.models.dagbag.DagBag","filename":"dagbag.py","lineno":593}
{"timestamp":"2025-10-02T09:40:38.898527Z","level":"info","event":"Filling up the DagBag from /opt/airflow/dags/xcom.py","logger":"airflow.models.dagbag.DagBag","filename":"dagbag.py","lineno":593}
{"timestamp":"2025-10-02T09:41:09.496122Z","level":"info","event":"Filling up the DagBag from /opt/airflow/dags/xcom.py","logger":"airflow.models.dagbag.DagBag","filename":"dagbag.py","lineno":593}
{"timestamp":"2025-10-02T09:41:40.061411Z","level":"info","event":"Filling up the DagBag from /opt/airflow/dags/xcom.py","logger":"airflow.models.dagbag.DagBag","filename":"dagbag.py","lineno":593}
{"timestamp":"2025-10-02T09:42:10.853088Z","level":"info","event":"Filling up the DagBag from /opt/airflow/dags/xcom.py","logger":"airflow.models.dagbag.DagBag","filename":"dagbag.py","lineno":593}
{"timestamp":"2025-10-02T09:42:41.611688Z","level":"info","event":"Filling up the DagBag from /opt/airflow/dags/xcom.py","logger":"airflow.models.dagbag.DagBag","filename":"dagbag.py","lineno":593}
{"timestamp":"2025-10-02T09:43:12.169122Z","level":"info","event":"Filling up the DagBag from /opt/airflow/dags/xcom.py","logger":"airflow.models.dagbag.DagBag","filename":"dagbag.py","lineno":593}
{"timestamp":"2025-10-02T09:43:42.906437Z","level":"info","event":"Filling up the DagBag from /opt/airflow/dags/xcom.py","logger":"airflow.models.dagbag.DagBag","filename":"dagbag.py","lineno":593}
{"timestamp":"2025-10-02T09:44:13.663886Z","level":"info","event":"Filling up the DagBag from /opt/airflow/dags/xcom.py","logger":"airflow.models.dagbag.DagBag","filename":"dagbag.py","lineno":593}
{"timestamp":"2025-10-02T09:44:44.250386Z","level":"info","event":"Filling up the DagBag from /opt/airflow/dags/xcom.py","logger":"airflow.models.dagbag.DagBag","filename":"dagbag.py","lineno":593}
{"timestamp":"2025-10-02T09:45:14.852626Z","level":"info","event":"Filling up the DagBag from /opt/airflow/dags/xcom.py","logger":"airflow.models.dagbag.DagBag","filename":"dagbag.py","lineno":593}
{"timestamp":"2025-10-02T09:45:45.418261Z","level":"info","event":"Filling up the DagBag from /opt/airflow/dags/xcom.py","logger":"airflow.models.dagbag.DagBag","filename":"dagbag.py","lineno":593}
{"timestamp":"2025-10-02T09:46:15.971961Z","level":"info","event":"Filling up the DagBag from /opt/airflow/dags/xcom.py","logger":"airflow.models.dagbag.DagBag","filename":"dagbag.py","lineno":593}
{"timestamp":"2025-10-02T09:46:46.574583Z","level":"info","event":"Filling up the DagBag from /opt/airflow/dags/xcom.py","logger":"airflow.models.dagbag.DagBag","filename":"dagbag.py","lineno":593}
{"timestamp":"2025-10-02T09:47:17.140942Z","level":"info","event":"Filling up the DagBag from /opt/airflow/dags/xcom.py","logger":"airflow.models.dagbag.DagBag","filename":"dagbag.py","lineno":593}
{"timestamp":"2025-10-02T09:47:47.694338Z","level":"info","event":"Filling up the DagBag from /opt/airflow/dags/xcom.py","logger":"airflow.models.dagbag.DagBag","filename":"dagbag.py","lineno":593}
{"timestamp":"2025-10-02T09:48:18.253183Z","level":"info","event":"Filling up the DagBag from /opt/airflow/dags/xcom.py","logger":"airflow.models.dagbag.DagBag","filename":"dagbag.py","lineno":593}
{"timestamp":"2025-10-02T09:48:48.796574Z","level":"info","event":"Filling up the DagBag from /opt/airflow/dags/xcom.py","logger":"airflow.models.dagbag.DagBag","filename":"dagbag.py","lineno":593}
{"timestamp":"2025-10-02T09:49:19.357308Z","level":"info","event":"Filling up the DagBag from /opt/airflow/dags/xcom.py","logger":"airflow.models.dagbag.DagBag","filename":"dagbag.py","lineno":593}
{"timestamp":"2025-10-02T09:49:49.919529Z","level":"info","event":"Filling up the DagBag from /opt/airflow/dags/xcom.py","logger":"airflow.models.dagbag.DagBag","filename":"dagbag.py","lineno":593}
{"timestamp":"2025-10-02T09:50:20.479912Z","level":"info","event":"Filling up the DagBag from /opt/airflow/dags/xcom.py","logger":"airflow.models.dagbag.DagBag","filename":"dagbag.py","lineno":593}
{"timestamp":"2025-10-02T09:50:51.037438Z","level":"info","event":"Filling up the DagBag from /opt/airflow/dags/xcom.py","logger":"airflow.models.dagbag.DagBag","filename":"dagbag.py","lineno":593}
{"timestamp":"2025-10-02T09:51:21.617383Z","level":"info","event":"Filling up the DagBag from /opt/airflow/dags/xcom.py","logger":"airflow.models.dagbag.DagBag","filename":"dagbag.py","lineno":593}
{"timestamp":"2025-10-02T09:51:52.172890Z","level":"info","event":"Filling up the DagBag from /opt/airflow/dags/xcom.py","logger":"airflow.models.dagbag.DagBag","filename":"dagbag.py","lineno":593}
{"timestamp":"2025-10-02T09:52:22.752323Z","level":"info","event":"Filling up the DagBag from /opt/airflow/dags/xcom.py","logger":"airflow.models.dagbag.DagBag","filename":"dagbag.py","lineno":593}
{"timestamp":"2025-10-02T09:52:53.301022Z","level":"info","event":"Filling up the DagBag from /opt/airflow/dags/xcom.py","logger":"airflow.models.dagbag.DagBag","filename":"dagbag.py","lineno":593}
{"timestamp":"2025-10-02T09:53:23.855110Z","level":"info","event":"Filling up the DagBag from /opt/airflow/dags/xcom.py","logger":"airflow.models.dagbag.DagBag","filename":"dagbag.py","lineno":593}
{"timestamp":"2025-10-02T09:53:54.411069Z","level":"info","event":"Filling up the DagBag from /opt/airflow/dags/xcom.py","logger":"airflow.models.dagbag.DagBag","filename":"dagbag.py","lineno":593}
{"timestamp":"2025-10-02T09:54:24.971646Z","level":"info","event":"Filling up the DagBag from /opt/airflow/dags/xcom.py","logger":"airflow.models.dagbag.DagBag","filename":"dagbag.py","lineno":593}
{"timestamp":"2025-10-02T09:54:55.530919Z","level":"info","event":"Filling up the DagBag from /opt/airflow/dags/xcom.py","logger":"airflow.models.dagbag.DagBag","filename":"dagbag.py","lineno":593}
{"timestamp":"2025-10-02T09:55:26.087789Z","level":"info","event":"Filling up the DagBag from /opt/airflow/dags/xcom.py","logger":"airflow.models.dagbag.DagBag","filename":"dagbag.py","lineno":593}
{"timestamp":"2025-10-02T09:55:56.676550Z","level":"info","event":"Filling up the DagBag from /opt/airflow/dags/xcom.py","logger":"airflow.models.dagbag.DagBag","filename":"dagbag.py","lineno":593}
{"timestamp":"2025-10-02T09:56:27.231234Z","level":"info","event":"Filling up the DagBag from /opt/airflow/dags/xcom.py","logger":"airflow.models.dagbag.DagBag","filename":"dagbag.py","lineno":593}
{"timestamp":"2025-10-02T09:56:57.793549Z","level":"info","event":"Filling up the DagBag from /opt/airflow/dags/xcom.py","logger":"airflow.models.dagbag.DagBag","filename":"dagbag.py","lineno":593}
{"timestamp":"2025-10-02T09:57:28.361414Z","level":"info","event":"Filling up the DagBag from /opt/airflow/dags/xcom.py","logger":"airflow.models.dagbag.DagBag","filename":"dagbag.py","lineno":593}
{"timestamp":"2025-10-02T09:57:58.974052Z","level":"info","event":"Filling up the DagBag from /opt/airflow/dags/xcom.py","logger":"airflow.models.dagbag.DagBag","filename":"dagbag.py","lineno":593}
{"timestamp":"2025-10-02T09:58:29.536205Z","level":"info","event":"Filling up the DagBag from /opt/airflow/dags/xcom.py","logger":"airflow.models.dagbag.DagBag","filename":"dagbag.py","lineno":593}
{"timestamp":"2025-10-02T09:59:00.094260Z","level":"info","event":"Filling up the DagBag from /opt/airflow/dags/xcom.py","logger":"airflow.models.dagbag.DagBag","filename":"dagbag.py","lineno":593}
{"timestamp":"2025-10-02T09:59:30.659190Z","level":"info","event":"Filling up the DagBag from /opt/airflow/dags/xcom.py","logger":"airflow.models.dagbag.DagBag","filename":"dagbag.py","lineno":593}
{"timestamp":"2025-10-02T10:00:01.252791Z","level":"info","event":"Filling up the DagBag from /opt/airflow/dags/xcom.py","logger":"airflow.models.dagbag.DagBag","filename":"dagbag.py","lineno":593}
{"timestamp":"2025-10-02T10:00:31.834945Z","level":"info","event":"Filling up the DagBag from /opt/airflow/dags/xcom.py","logger":"airflow.models.dagbag.DagBag","filename":"dagbag.py","lineno":593}
{"timestamp":"2025-10-02T10:01:02.399646Z","level":"info","event":"Filling up the DagBag from /opt/airflow/dags/xcom.py","logger":"airflow.models.dagbag.DagBag","filename":"dagbag.py","lineno":593}
{"timestamp":"2025-10-02T10:01:32.965124Z","level":"info","event":"Filling up the DagBag from /opt/airflow/dags/xcom.py","logger":"airflow.models.dagbag.DagBag","filename":"dagbag.py","lineno":593}
{"timestamp":"2025-10-02T10:02:03.524632Z","level":"info","event":"Filling up the DagBag from /opt/airflow/dags/xcom.py","logger":"airflow.models.dagbag.DagBag","filename":"dagbag.py","lineno":593}
{"timestamp":"2025-10-02T10:02:34.099341Z","level":"info","event":"Filling up the DagBag from /opt/airflow/dags/xcom.py","logger":"airflow.models.dagbag.DagBag","filename":"dagbag.py","lineno":593}
{"timestamp":"2025-10-02T10:03:04.664149Z","level":"info","event":"Filling up the DagBag from /opt/airflow/dags/xcom.py","logger":"airflow.models.dagbag.DagBag","filename":"dagbag.py","lineno":593}
{"timestamp":"2025-10-02T10:03:35.255855Z","level":"info","event":"Filling up the DagBag from /opt/airflow/dags/xcom.py","logger":"airflow.models.dagbag.DagBag","filename":"dagbag.py","lineno":593}
{"timestamp":"2025-10-02T10:04:05.837899Z","level":"info","event":"Filling up the DagBag from /opt/airflow/dags/xcom.py","logger":"airflow.models.dagbag.DagBag","filename":"dagbag.py","lineno":593}
{"timestamp":"2025-10-02T10:04:36.397631Z","level":"info","event":"Filling up the DagBag from /opt/airflow/dags/xcom.py","logger":"airflow.models.dagbag.DagBag","filename":"dagbag.py","lineno":593}
{"timestamp":"2025-10-02T10:05:06.963030Z","level":"info","event":"Filling up the DagBag from /opt/airflow/dags/xcom.py","logger":"airflow.models.dagbag.DagBag","filename":"dagbag.py","lineno":593}
{"timestamp":"2025-10-02T10:05:37.546460Z","level":"info","event":"Filling up the DagBag from /opt/airflow/dags/xcom.py","logger":"airflow.models.dagbag.DagBag","filename":"dagbag.py","lineno":593}
{"timestamp":"2025-10-02T10:06:08.110066Z","level":"info","event":"Filling up the DagBag from /opt/airflow/dags/xcom.py","logger":"airflow.models.dagbag.DagBag","filename":"dagbag.py","lineno":593}
{"timestamp":"2025-10-02T10:06:38.668032Z","level":"info","event":"Filling up the DagBag from /opt/airflow/dags/xcom.py","logger":"airflow.models.dagbag.DagBag","filename":"dagbag.py","lineno":593}
{"timestamp":"2025-10-02T10:07:09.230105Z","level":"info","event":"Filling up the DagBag from /opt/airflow/dags/xcom.py","logger":"airflow.models.dagbag.DagBag","filename":"dagbag.py","lineno":593}
{"timestamp":"2025-10-02T10:07:39.773101Z","level":"info","event":"Filling up the DagBag from /opt/airflow/dags/xcom.py","logger":"airflow.models.dagbag.DagBag","filename":"dagbag.py","lineno":593}
{"timestamp":"2025-10-02T10:08:10.341024Z","level":"info","event":"Filling up the DagBag from /opt/airflow/dags/xcom.py","logger":"airflow.models.dagbag.DagBag","filename":"dagbag.py","lineno":593}
{"timestamp":"2025-10-02T10:08:40.897546Z","level":"info","event":"Filling up the DagBag from /opt/airflow/dags/xcom.py","logger":"airflow.models.dagbag.DagBag","filename":"dagbag.py","lineno":593}
{"timestamp":"2025-10-02T10:09:11.484863Z","level":"info","event":"Filling up the DagBag from /opt/airflow/dags/xcom.py","logger":"airflow.models.dagbag.DagBag","filename":"dagbag.py","lineno":593}
{"timestamp":"2025-10-02T10:09:42.083564Z","level":"info","event":"Filling up the DagBag from /opt/airflow/dags/xcom.py","logger":"airflow.models.dagbag.DagBag","filename":"dagbag.py","lineno":593}
{"timestamp":"2025-10-02T10:10:12.633373Z","level":"info","event":"Filling up the DagBag from /opt/airflow/dags/xcom.py","logger":"airflow.models.dagbag.DagBag","filename":"dagbag.py","lineno":593}
{"timestamp":"2025-10-02T10:10:43.198758Z","level":"info","event":"Filling up the DagBag from /opt/airflow/dags/xcom.py","logger":"airflow.models.dagbag.DagBag","filename":"dagbag.py","lineno":593}
{"timestamp":"2025-10-02T10:11:13.763738Z","level":"info","event":"Filling up the DagBag from /opt/airflow/dags/xcom.py","logger":"airflow.models.dagbag.DagBag","filename":"dagbag.py","lineno":593}
{"timestamp":"2025-10-02T10:11:44.319320Z","level":"info","event":"Filling up the DagBag from /opt/airflow/dags/xcom.py","logger":"airflow.models.dagbag.DagBag","filename":"dagbag.py","lineno":593}
{"timestamp":"2025-10-02T10:12:14.897090Z","level":"info","event":"Filling up the DagBag from /opt/airflow/dags/xcom.py","logger":"airflow.models.dagbag.DagBag","filename":"dagbag.py","lineno":593}
{"timestamp":"2025-10-02T10:12:45.459604Z","level":"info","event":"Filling up the DagBag from /opt/airflow/dags/xcom.py","logger":"airflow.models.dagbag.DagBag","filename":"dagbag.py","lineno":593}
{"timestamp":"2025-10-02T10:13:16.045237Z","level":"info","event":"Filling up the DagBag from /opt/airflow/dags/xcom.py","logger":"airflow.models.dagbag.DagBag","filename":"dagbag.py","lineno":593}
{"timestamp":"2025-10-02T10:13:46.610900Z","level":"info","event":"Filling up the DagBag from /opt/airflow/dags/xcom.py","logger":"airflow.models.dagbag.DagBag","filename":"dagbag.py","lineno":593}
{"timestamp":"2025-10-02T10:14:17.194715Z","level":"info","event":"Filling up the DagBag from /opt/airflow/dags/xcom.py","logger":"airflow.models.dagbag.DagBag","filename":"dagbag.py","lineno":593}
